# JRE version: Java(TM) SE Runtime Environment (17.0+35) (build 17+35-LTS-2724)
# Java VM: Java HotSpot(TM) 64-Bit Server VM (17+35-LTS-2724, mixed mode, sharing, tiered, compressed oops, compressed class ptrs, g1 gc, windows-amd64)
GC Precious Log:
 CPUs: 4 total, 4 available
 Memory: 3534M
 Large Page Support: Disabled
 NUMA Support: Disabled
 Compressed Oops: Enabled (32-bit)
 Heap Region Size: 1M
 Heap Min Capacity: 8M
 Heap Initial Capacity: 56M
 Heap Max Capacity: 884M
 Pre-touch: Disabled
 Parallel Workers: 4
 Concurrent Workers: 1
 Concurrent Refinement Workers: 4
 Periodic GC: Disabled
Heap:
 garbage-first heap   total 69632K, used 23459K [0x00000000c8c00000, 0x0000000100000000)
  region size 1024K, 4 young (4096K), 4 survivors (4096K)
 Metaspace       used 21202K, committed 21504K, reserved 1073152K
  class space    used 2500K, committed 2688K, reserved 1048576K
GC Heap History (20 events):
Event: 1.215 GC heap after
{Heap after GC invocations=2 (full 0):
 garbage-first heap   total 57344K, used 3875K [0x00000000c8c00000, 0x0000000100000000)
  region size 1024K, 1 young (1024K), 1 survivors (1024K)
 Metaspace       used 5525K, committed 5696K, reserved 1056768K
  class space    used 671K, committed 768K, reserved 1048576K
}
Event: 1.743 GC heap before
{Heap before GC invocations=2 (full 0):
 garbage-first heap   total 57344K, used 26403K [0x00000000c8c00000, 0x0000000100000000)
  region size 1024K, 23 young (23552K), 1 survivors (1024K)
 Metaspace       used 7720K, committed 7872K, reserved 1064960K
  class space    used 913K, committed 1024K, reserved 1048576K
}
Event: 1.749 GC heap after
{Heap after GC invocations=3 (full 0):
 garbage-first heap   total 57344K, used 4418K [0x00000000c8c00000, 0x0000000100000000)
  region size 1024K, 2 young (2048K), 2 survivors (2048K)
 Metaspace       used 7720K, committed 7872K, reserved 1064960K
  class space    used 913K, committed 1024K, reserved 1048576K
}
Event: 3.315 GC heap before
{Heap before GC invocations=3 (full 0):
 garbage-first heap   total 57344K, used 36162K [0x00000000c8c00000, 0x0000000100000000)
  region size 1024K, 33 young (33792K), 2 survivors (2048K)
 Metaspace       used 14182K, committed 14400K, reserved 1064960K
  class space    used 1743K, committed 1856K, reserved 1048576K
}
Event: 3.327 GC heap after
{Heap after GC invocations=4 (full 0):
 garbage-first heap   total 57344K, used 7168K [0x00000000c8c00000, 0x0000000100000000)
  region size 1024K, 4 young (4096K), 4 survivors (4096K)
 Metaspace       used 14182K, committed 14400K, reserved 1064960K
  class space    used 1743K, committed 1856K, reserved 1048576K
}
Event: 4.112 GC heap before
{Heap before GC invocations=4 (full 0):
 garbage-first heap   total 57344K, used 36864K [0x00000000c8c00000, 0x0000000100000000)
  region size 1024K, 33 young (33792K), 4 survivors (4096K)
 Metaspace       used 15307K, committed 15488K, reserved 1064960K
  class space    used 1837K, committed 1920K, reserved 1048576K
}
Event: 4.132 GC heap after
{Heap after GC invocations=5 (full 0):
 garbage-first heap   total 57344K, used 11418K [0x00000000c8c00000, 0x0000000100000000)
  region size 1024K, 5 young (5120K), 5 survivors (5120K)
 Metaspace       used 15307K, committed 15488K, reserved 1064960K
  class space    used 1837K, committed 1920K, reserved 1048576K
}
Event: 4.739 GC heap before
{Heap before GC invocations=5 (full 0):
 garbage-first heap   total 57344K, used 40090K [0x00000000c8c00000, 0x0000000100000000)
  region size 1024K, 33 young (33792K), 5 survivors (5120K)
 Metaspace       used 15719K, committed 15872K, reserved 1064960K
  class space    used 1860K, committed 1920K, reserved 1048576K
}
Event: 4.748 GC heap after
{Heap after GC invocations=6 (full 0):
 garbage-first heap   total 57344K, used 12570K [0x00000000c8c00000, 0x0000000100000000)
  region size 1024K, 2 young (2048K), 2 survivors (2048K)
 Metaspace       used 15719K, committed 15872K, reserved 1064960K
  class space    used 1860K, committed 1920K, reserved 1048576K
}
Event: 5.433 GC heap before
{Heap before GC invocations=6 (full 0):
 garbage-first heap   total 57344K, used 41242K [0x00000000c8c00000, 0x0000000100000000)
  region size 1024K, 30 young (30720K), 2 survivors (2048K)
 Metaspace       used 16149K, committed 16320K, reserved 1064960K
  class space    used 1881K, committed 1984K, reserved 1048576K
}
Event: 5.442 GC heap after
{Heap after GC invocations=7 (full 0):
 garbage-first heap   total 69632K, used 13509K [0x00000000c8c00000, 0x0000000100000000)
  region size 1024K, 3 young (3072K), 3 survivors (3072K)
 Metaspace       used 16149K, committed 16320K, reserved 1064960K
  class space    used 1881K, committed 1984K, reserved 1048576K
}
Event: 6.875 GC heap before
{Heap before GC invocations=7 (full 0):
 garbage-first heap   total 69632K, used 51397K [0x00000000c8c00000, 0x0000000100000000)
  region size 1024K, 39 young (39936K), 3 survivors (3072K)
 Metaspace       used 19522K, committed 19776K, reserved 1073152K
  class space    used 2262K, committed 2368K, reserved 1048576K
}
Event: 6.884 GC heap after
{Heap after GC invocations=8 (full 0):
 garbage-first heap   total 69632K, used 16756K [0x00000000c8c00000, 0x0000000100000000)
  region size 1024K, 5 young (5120K), 5 survivors (5120K)
 Metaspace       used 19522K, committed 19776K, reserved 1073152K
  class space    used 2262K, committed 2368K, reserved 1048576K
}
Event: 6.894 GC heap before
{Heap before GC invocations=8 (full 0):
 garbage-first heap   total 69632K, used 50548K [0x00000000c8c00000, 0x0000000100000000)
  region size 1024K, 39 young (39936K), 5 survivors (5120K)
 Metaspace       used 19522K, committed 19776K, reserved 1073152K
  class space    used 2262K, committed 2368K, reserved 1048576K
}
Event: 6.901 GC heap after
{Heap after GC invocations=9 (full 0):
 garbage-first heap   total 69632K, used 17022K [0x00000000c8c00000, 0x0000000100000000)
  region size 1024K, 3 young (3072K), 3 survivors (3072K)
 Metaspace       used 19522K, committed 19776K, reserved 1073152K
  class space    used 2262K, committed 2368K, reserved 1048576K
}
Event: 6.910 GC heap before
{Heap before GC invocations=9 (full 0):
 garbage-first heap   total 69632K, used 52862K [0x00000000c8c00000, 0x0000000100000000)
  region size 1024K, 39 young (39936K), 3 survivors (3072K)
 Metaspace       used 19522K, committed 19776K, reserved 1073152K
  class space    used 2262K, committed 2368K, reserved 1048576K
}
Event: 6.915 GC heap after
{Heap after GC invocations=10 (full 0):
 garbage-first heap   total 69632K, used 16799K [0x00000000c8c00000, 0x0000000100000000)
  region size 1024K, 1 young (1024K), 1 survivors (1024K)
 Metaspace       used 19522K, committed 19776K, reserved 1073152K
  class space    used 2262K, committed 2368K, reserved 1048576K
}
Event: 6.925 GC heap before
{Heap before GC invocations=10 (full 0):
 garbage-first heap   total 69632K, used 53663K [0x00000000c8c00000, 0x0000000100000000)
  region size 1024K, 38 young (38912K), 1 survivors (1024K)
 Metaspace       used 19522K, committed 19776K, reserved 1073152K
  class space    used 2262K, committed 2368K, reserved 1048576K
}
Event: 6.926 GC heap after
{Heap after GC invocations=11 (full 0):
 garbage-first heap   total 69632K, used 16821K [0x00000000c8c00000, 0x0000000100000000)
  region size 1024K, 1 young (1024K), 1 survivors (1024K)
 Metaspace       used 19522K, committed 19776K, reserved 1073152K
  class space    used 2262K, committed 2368K, reserved 1048576K
}
Event: 8.263 GC heap before
{Heap before GC invocations=11 (full 0):
 garbage-first heap   total 69632K, used 36277K [0x00000000c8c00000, 0x0000000100000000)
  region size 1024K, 18 young (18432K), 1 survivors (1024K)
 Metaspace       used 21202K, committed 21504K, reserved 1073152K
  class space    used 2500K, committed 2688K, reserved 1048576K
}

