# JRE version: Java(TM) SE Runtime Environment (17.0+35) (build 17+35-LTS-2724)
# Java VM: Java HotSpot(TM) 64-Bit Server VM (17+35-LTS-2724, mixed mode, sharing, tiered, compressed oops, compressed class ptrs, g1 gc, windows-amd64)
GC Precious Log:
 CPUs: 4 total, 4 available
 Memory: 3534M
 Large Page Support: Disabled
 NUMA Support: Disabled
 Compressed Oops: Enabled (32-bit)
 Heap Region Size: 1M
 Heap Min Capacity: 8M
 Heap Initial Capacity: 56M
 Heap Max Capacity: 512M
 Pre-touch: Disabled
 Parallel Workers: 4
 Concurrent Workers: 1
 Concurrent Refinement Workers: 4
 Periodic GC: Disabled
Heap:
 garbage-first heap   total 155648K, used 96010K [0x00000000e0000000, 0x0000000100000000)
  region size 1024K, 63 young (64512K), 2 survivors (2048K)
 Metaspace       used 26034K, committed 26304K, reserved 1073152K
  class space    used 3021K, committed 3136K, reserved 1048576K
GC Heap History (20 events):
Event: 9.705 GC heap before
{Heap before GC invocations=7 (full 0):
 garbage-first heap   total 57344K, used 42792K [0x00000000e0000000, 0x0000000100000000)
  region size 1024K, 31 young (31744K), 3 survivors (3072K)
 Metaspace       used 17622K, committed 17856K, reserved 1064960K
  class space    used 2033K, committed 2176K, reserved 1048576K
}
Event: 9.715 GC heap after
{Heap after GC invocations=8 (full 0):
 garbage-first heap   total 57344K, used 15741K [0x00000000e0000000, 0x0000000100000000)
  region size 1024K, 4 young (4096K), 4 survivors (4096K)
 Metaspace       used 17622K, committed 17856K, reserved 1064960K
  class space    used 2033K, committed 2176K, reserved 1048576K
}
Event: 10.308 GC heap before
{Heap before GC invocations=8 (full 0):
 garbage-first heap   total 57344K, used 43389K [0x00000000e0000000, 0x0000000100000000)
  region size 1024K, 31 young (31744K), 4 survivors (4096K)
 Metaspace       used 19544K, committed 19776K, reserved 1073152K
  class space    used 2266K, committed 2368K, reserved 1048576K
}
Event: 10.318 GC heap after
{Heap after GC invocations=9 (full 0):
 garbage-first heap   total 57344K, used 17340K [0x00000000e0000000, 0x0000000100000000)
  region size 1024K, 3 young (3072K), 3 survivors (3072K)
 Metaspace       used 19544K, committed 19776K, reserved 1073152K
  class space    used 2266K, committed 2368K, reserved 1048576K
}
Event: 10.326 GC heap before
{Heap before GC invocations=9 (full 0):
 garbage-first heap   total 57344K, used 42940K [0x00000000e0000000, 0x0000000100000000)
  region size 1024K, 29 young (29696K), 3 survivors (3072K)
 Metaspace       used 19544K, committed 19776K, reserved 1073152K
  class space    used 2266K, committed 2368K, reserved 1048576K
}
Event: 10.333 GC heap after
{Heap after GC invocations=10 (full 0):
 garbage-first heap   total 57344K, used 17641K [0x00000000e0000000, 0x0000000100000000)
  region size 1024K, 1 young (1024K), 1 survivors (1024K)
 Metaspace       used 19544K, committed 19776K, reserved 1073152K
  class space    used 2266K, committed 2368K, reserved 1048576K
}
Event: 10.343 GC heap before
{Heap before GC invocations=10 (full 0):
 garbage-first heap   total 57344K, used 44265K [0x00000000e0000000, 0x0000000100000000)
  region size 1024K, 28 young (28672K), 1 survivors (1024K)
 Metaspace       used 19544K, committed 19776K, reserved 1073152K
  class space    used 2266K, committed 2368K, reserved 1048576K
}
Event: 10.346 GC heap after
{Heap after GC invocations=11 (full 0):
 garbage-first heap   total 57344K, used 17516K [0x00000000e0000000, 0x0000000100000000)
  region size 1024K, 1 young (1024K), 1 survivors (1024K)
 Metaspace       used 19544K, committed 19776K, reserved 1073152K
  class space    used 2266K, committed 2368K, reserved 1048576K
}
Event: 10.355 GC heap before
{Heap before GC invocations=11 (full 0):
 garbage-first heap   total 57344K, used 45164K [0x00000000e0000000, 0x0000000100000000)
  region size 1024K, 29 young (29696K), 1 survivors (1024K)
 Metaspace       used 19544K, committed 19776K, reserved 1073152K
  class space    used 2266K, committed 2368K, reserved 1048576K
}
Event: 10.358 GC heap after
{Heap after GC invocations=12 (full 0):
 garbage-first heap   total 57344K, used 17531K [0x00000000e0000000, 0x0000000100000000)
  region size 1024K, 1 young (1024K), 1 survivors (1024K)
 Metaspace       used 19544K, committed 19776K, reserved 1073152K
  class space    used 2266K, committed 2368K, reserved 1048576K
}
Event: 11.388 GC heap before
{Heap before GC invocations=12 (full 0):
 garbage-first heap   total 57344K, used 47227K [0x00000000e0000000, 0x0000000100000000)
  region size 1024K, 28 young (28672K), 1 survivors (1024K)
 Metaspace       used 21201K, committed 21504K, reserved 1073152K
  class space    used 2502K, committed 2688K, reserved 1048576K
}
Event: 11.397 GC heap after
{Heap after GC invocations=13 (full 0):
 garbage-first heap   total 57344K, used 23671K [0x00000000e0000000, 0x0000000100000000)
  region size 1024K, 4 young (4096K), 4 survivors (4096K)
 Metaspace       used 21201K, committed 21504K, reserved 1073152K
  class space    used 2502K, committed 2688K, reserved 1048576K
}
Event: 12.237 GC heap before
{Heap before GC invocations=14 (full 0):
 garbage-first heap   total 57344K, used 44151K [0x00000000e0000000, 0x0000000100000000)
  region size 1024K, 24 young (24576K), 4 survivors (4096K)
 Metaspace       used 25573K, committed 25856K, reserved 1073152K
  class space    used 2971K, committed 3136K, reserved 1048576K
}
Event: 12.254 GC heap after
{Heap after GC invocations=15 (full 0):
 garbage-first heap   total 57344K, used 30033K [0x00000000e0000000, 0x0000000100000000)
  region size 1024K, 3 young (3072K), 3 survivors (3072K)
 Metaspace       used 25573K, committed 25856K, reserved 1073152K
  class space    used 2971K, committed 3136K, reserved 1048576K
}
Event: 12.416 GC heap before
{Heap before GC invocations=16 (full 0):
 garbage-first heap   total 58368K, used 37201K [0x00000000e0000000, 0x0000000100000000)
  region size 1024K, 11 young (11264K), 3 survivors (3072K)
 Metaspace       used 25579K, committed 25856K, reserved 1073152K
  class space    used 2971K, committed 3136K, reserved 1048576K
}
Event: 12.423 GC heap after
{Heap after GC invocations=17 (full 0):
 garbage-first heap   total 58368K, used 32607K [0x00000000e0000000, 0x0000000100000000)
  region size 1024K, 2 young (2048K), 2 survivors (2048K)
 Metaspace       used 25579K, committed 25856K, reserved 1073152K
  class space    used 2971K, committed 3136K, reserved 1048576K
}
Event: 12.439 GC heap before
{Heap before GC invocations=17 (full 0):
 garbage-first heap   total 58368K, used 43871K [0x00000000e0000000, 0x0000000100000000)
  region size 1024K, 13 young (13312K), 2 survivors (2048K)
 Metaspace       used 25579K, committed 25856K, reserved 1073152K
  class space    used 2971K, committed 3136K, reserved 1048576K
}
Event: 12.445 GC heap after
{Heap after GC invocations=18 (full 0):
 garbage-first heap   total 155648K, used 35511K [0x00000000e0000000, 0x0000000100000000)
  region size 1024K, 2 young (2048K), 2 survivors (2048K)
 Metaspace       used 25579K, committed 25856K, reserved 1073152K
  class space    used 2971K, committed 3136K, reserved 1048576K
}
Event: 12.520 GC heap before
{Heap before GC invocations=18 (full 0):
 garbage-first heap   total 155648K, used 95927K [0x00000000e0000000, 0x0000000100000000)
  region size 1024K, 62 young (63488K), 2 survivors (2048K)
 Metaspace       used 25579K, committed 25856K, reserved 1073152K
  class space    used 2971K, committed 3136K, reserved 1048576K
}
Event: 12.523 GC heap after
{Heap after GC invocations=19 (full 0):
 garbage-first heap   total 155648K, used 35594K [0x00000000e0000000, 0x0000000100000000)
  region size 1024K, 2 young (2048K), 2 survivors (2048K)
 Metaspace       used 25579K, committed 25856K, reserved 1073152K
  class space    used 2971K, committed 3136K, reserved 1048576K
}

