# JRE version: OpenJDK Runtime Environment Temurin-21.0.7+6 (21.0.7+6) (build 21.0.7+6-LTS)
# Java VM: OpenJDK 64-Bit Server VM Temurin-21.0.7+6 (21.0.7+6-LTS, mixed mode, sharing, tiered, compressed oops, compressed class ptrs, parallel gc, windows-amd64)
GC Precious Log:
 CardTable entry size: 512
 CPUs: 4 total, 4 available
 Memory: 3534M
 Large Page Support: Disabled
 NUMA Support: Disabled
 Compressed Oops: Enabled (32-bit)
 Alignments: Space 512K, Generation 512K, Heap 2M
 Heap Min Capacity: 100M
 Heap Initial Capacity: 100M
 Heap Max Capacity: 1G
 Pre-touch: Disabled
 Parallel Workers: 4
Heap:
 PSYoungGen      total 3072K, used 2377K [0x00000000eab00000, 0x00000000eb000000, 0x0000000100000000)
  eden space 2560K, 82% used [0x00000000eab00000,0x00000000ead12478,0x00000000ead80000)
  from space 512K, 50% used [0x00000000eaf80000,0x00000000eafc0000,0x00000000eb000000)
  to   space 512K, 0% used [0x00000000ead80000,0x00000000ead80000,0x00000000eae00000)
 ParOldGen       total 499712K, used 499253K [0x00000000c0000000, 0x00000000de800000, 0x00000000eab00000)
  object space 499712K, 99% used [0x00000000c0000000,0x00000000de78d5f0,0x00000000de800000)
 Metaspace       used 71329K, committed 72960K, reserved 1114112K
  class space    used 7073K, committed 7808K, reserved 1048576K
GC Heap History (20 events):
Event: 551.047 GC heap before
{Heap before GC invocations=1591 (full 4):
 PSYoungGen      total 5632K, used 5044K [0x00000000eab00000, 0x00000000eb380000, 0x0000000100000000)
  eden space 4608K, 94% used [0x00000000eab00000,0x00000000eaf3d050,0x00000000eaf80000)
  from space 1024K, 68% used [0x00000000eb280000,0x00000000eb330000,0x00000000eb380000)
  to   space 1536K, 0% used [0x00000000eb080000,0x00000000eb080000,0x00000000eb200000)
 ParOldGen       total 490496K, used 489325K [0x00000000c0000000, 0x00000000ddf00000, 0x00000000eab00000)
  object space 490496K, 99% used [0x00000000c0000000,0x00000000ddddb688,0x00000000ddf00000)
 Metaspace       used 71054K, committed 72640K, reserved 1114112K
  class space    used 7052K, committed 7744K, reserved 1048576K
}
Event: 551.053 GC heap after
{Heap after GC invocations=1591 (full 4):
 PSYoungGen      total 6144K, used 846K [0x00000000eab00000, 0x00000000eb300000, 0x0000000100000000)
  eden space 4608K, 0% used [0x00000000eab00000,0x00000000eab00000,0x00000000eaf80000)
  from space 1536K, 55% used [0x00000000eb080000,0x00000000eb153b80,0x00000000eb200000)
  to   space 1024K, 0% used [0x00000000eb200000,0x00000000eb200000,0x00000000eb300000)
 ParOldGen       total 490496K, used 489997K [0x00000000c0000000, 0x00000000ddf00000, 0x00000000eab00000)
  object space 490496K, 99% used [0x00000000c0000000,0x00000000dde836a8,0x00000000ddf00000)
 Metaspace       used 71054K, committed 72640K, reserved 1114112K
  class space    used 7052K, committed 7744K, reserved 1048576K
}
Event: 551.142 GC heap before
{Heap before GC invocations=1592 (full 4):
 PSYoungGen      total 6144K, used 5454K [0x00000000eab00000, 0x00000000eb300000, 0x0000000100000000)
  eden space 4608K, 100% used [0x00000000eab00000,0x00000000eaf80000,0x00000000eaf80000)
  from space 1536K, 55% used [0x00000000eb080000,0x00000000eb153b80,0x00000000eb200000)
  to   space 1024K, 0% used [0x00000000eb200000,0x00000000eb200000,0x00000000eb300000)
 ParOldGen       total 490496K, used 489997K [0x00000000c0000000, 0x00000000ddf00000, 0x00000000eab00000)
  object space 490496K, 99% used [0x00000000c0000000,0x00000000dde836a8,0x00000000ddf00000)
 Metaspace       used 71065K, committed 72640K, reserved 1114112K
  class space    used 7053K, committed 7744K, reserved 1048576K
}
Event: 551.150 GC heap after
{Heap after GC invocations=1592 (full 4):
 PSYoungGen      total 3072K, used 1006K [0x00000000eab00000, 0x00000000eb980000, 0x0000000100000000)
  eden space 2048K, 0% used [0x00000000eab00000,0x00000000eab00000,0x00000000ead00000)
  from space 1024K, 98% used [0x00000000eb200000,0x00000000eb2fbb60,0x00000000eb300000)
  to   space 5120K, 0% used [0x00000000ead00000,0x00000000ead00000,0x00000000eb200000)
 ParOldGen       total 493056K, used 493052K [0x00000000c0000000, 0x00000000de180000, 0x00000000eab00000)
  object space 493056K, 99% used [0x00000000c0000000,0x00000000de17f208,0x00000000de180000)
 Metaspace       used 71065K, committed 72640K, reserved 1114112K
  class space    used 7053K, committed 7744K, reserved 1048576K
}
Event: 551.157 GC heap before
{Heap before GC invocations=1593 (full 4):
 PSYoungGen      total 3072K, used 3054K [0x00000000eab00000, 0x00000000eb980000, 0x0000000100000000)
  eden space 2048K, 100% used [0x00000000eab00000,0x00000000ead00000,0x00000000ead00000)
  from space 1024K, 98% used [0x00000000eb200000,0x00000000eb2fbb60,0x00000000eb300000)
  to   space 5120K, 0% used [0x00000000ead00000,0x00000000ead00000,0x00000000eb200000)
 ParOldGen       total 493056K, used 493052K [0x00000000c0000000, 0x00000000de180000, 0x00000000eab00000)
  object space 493056K, 99% used [0x00000000c0000000,0x00000000de17f208,0x00000000de180000)
 Metaspace       used 71065K, committed 72640K, reserved 1114112K
  class space    used 7053K, committed 7744K, reserved 1048576K
}
Event: 551.162 GC heap after
{Heap after GC invocations=1593 (full 4):
 PSYoungGen      total 4096K, used 2016K [0x00000000eab00000, 0x00000000eb380000, 0x0000000100000000)
  eden space 2048K, 0% used [0x00000000eab00000,0x00000000eab00000,0x00000000ead00000)
  from space 2048K, 98% used [0x00000000ead00000,0x00000000eaef8000,0x00000000eaf00000)
  to   space 3072K, 0% used [0x00000000eb080000,0x00000000eb080000,0x00000000eb380000)
 ParOldGen       total 494592K, used 494091K [0x00000000c0000000, 0x00000000de300000, 0x00000000eab00000)
  object space 494592K, 99% used [0x00000000c0000000,0x00000000de282d68,0x00000000de300000)
 Metaspace       used 71065K, committed 72640K, reserved 1114112K
  class space    used 7053K, committed 7744K, reserved 1048576K
}
Event: 551.173 GC heap before
{Heap before GC invocations=1594 (full 4):
 PSYoungGen      total 4096K, used 4064K [0x00000000eab00000, 0x00000000eb380000, 0x0000000100000000)
  eden space 2048K, 100% used [0x00000000eab00000,0x00000000ead00000,0x00000000ead00000)
  from space 2048K, 98% used [0x00000000ead00000,0x00000000eaef8000,0x00000000eaf00000)
  to   space 3072K, 0% used [0x00000000eb080000,0x00000000eb080000,0x00000000eb380000)
 ParOldGen       total 494592K, used 494091K [0x00000000c0000000, 0x00000000de300000, 0x00000000eab00000)
  object space 494592K, 99% used [0x00000000c0000000,0x00000000de282d68,0x00000000de300000)
 Metaspace       used 71065K, committed 72640K, reserved 1114112K
  class space    used 7053K, committed 7744K, reserved 1048576K
}
Event: 551.182 GC heap after
{Heap after GC invocations=1594 (full 4):
 PSYoungGen      total 4608K, used 2016K [0x00000000eab00000, 0x00000000eb280000, 0x0000000100000000)
  eden space 2560K, 0% used [0x00000000eab00000,0x00000000eab00000,0x00000000ead80000)
  from space 2048K, 98% used [0x00000000eb080000,0x00000000eb278000,0x00000000eb280000)
  to   space 2560K, 0% used [0x00000000ead80000,0x00000000ead80000,0x00000000eb000000)
 ParOldGen       total 496128K, used 496083K [0x00000000c0000000, 0x00000000de480000, 0x00000000eab00000)
  object space 496128K, 99% used [0x00000000c0000000,0x00000000de474d68,0x00000000de480000)
 Metaspace       used 71065K, committed 72640K, reserved 1114112K
  class space    used 7053K, committed 7744K, reserved 1048576K
}
Event: 551.535 GC heap before
{Heap before GC invocations=1595 (full 4):
 PSYoungGen      total 4608K, used 4576K [0x00000000eab00000, 0x00000000eb280000, 0x0000000100000000)
  eden space 2560K, 100% used [0x00000000eab00000,0x00000000ead80000,0x00000000ead80000)
  from space 2048K, 98% used [0x00000000eb080000,0x00000000eb278000,0x00000000eb280000)
  to   space 2560K, 0% used [0x00000000ead80000,0x00000000ead80000,0x00000000eb000000)
 ParOldGen       total 496128K, used 496083K [0x00000000c0000000, 0x00000000de480000, 0x00000000eab00000)
  object space 496128K, 99% used [0x00000000c0000000,0x00000000de474d68,0x00000000de480000)
 Metaspace       used 71093K, committed 72704K, reserved 1114112K
  class space    used 7053K, committed 7744K, reserved 1048576K
}
Event: 551.543 GC heap after
{Heap after GC invocations=1595 (full 4):
 PSYoungGen      total 3072K, used 480K [0x00000000eab00000, 0x00000000eb100000, 0x0000000100000000)
  eden space 2560K, 0% used [0x00000000eab00000,0x00000000eab00000,0x00000000ead80000)
  from space 512K, 93% used [0x00000000ead80000,0x00000000eadf8000,0x00000000eae00000)
  to   space 1536K, 0% used [0x00000000eaf80000,0x00000000eaf80000,0x00000000eb100000)
 ParOldGen       total 498176K, used 498051K [0x00000000c0000000, 0x00000000de680000, 0x00000000eab00000)
  object space 498176K, 99% used [0x00000000c0000000,0x00000000de660d68,0x00000000de680000)
 Metaspace       used 71093K, committed 72704K, reserved 1114112K
  class space    used 7053K, committed 7744K, reserved 1048576K
}
Event: 552.210 GC heap before
{Heap before GC invocations=1596 (full 4):
 PSYoungGen      total 3072K, used 3039K [0x00000000eab00000, 0x00000000eb100000, 0x0000000100000000)
  eden space 2560K, 99% used [0x00000000eab00000,0x00000000ead7ff78,0x00000000ead80000)
  from space 512K, 93% used [0x00000000ead80000,0x00000000eadf8000,0x00000000eae00000)
  to   space 1536K, 0% used [0x00000000eaf80000,0x00000000eaf80000,0x00000000eb100000)
 ParOldGen       total 498176K, used 498051K [0x00000000c0000000, 0x00000000de680000, 0x00000000eab00000)
  object space 498176K, 99% used [0x00000000c0000000,0x00000000de660d68,0x00000000de680000)
 Metaspace       used 71108K, committed 72704K, reserved 1114112K
  class space    used 7053K, committed 7744K, reserved 1048576K
}
Event: 552.216 GC heap after
{Heap after GC invocations=1596 (full 4):
 PSYoungGen      total 3072K, used 192K [0x00000000eab00000, 0x00000000eb000000, 0x0000000100000000)
  eden space 2560K, 0% used [0x00000000eab00000,0x00000000eab00000,0x00000000ead80000)
  from space 512K, 37% used [0x00000000eaf80000,0x00000000eafb0000,0x00000000eb000000)
  to   space 512K, 0% used [0x00000000ead80000,0x00000000ead80000,0x00000000eae00000)
 ParOldGen       total 498688K, used 498489K [0x00000000c0000000, 0x00000000de700000, 0x00000000eab00000)
  object space 498688K, 99% used [0x00000000c0000000,0x00000000de6ce428,0x00000000de700000)
 Metaspace       used 71108K, committed 72704K, reserved 1114112K
  class space    used 7053K, committed 7744K, reserved 1048576K
}
Event: 552.462 GC heap before
{Heap before GC invocations=1597 (full 4):
 PSYoungGen      total 3072K, used 2752K [0x00000000eab00000, 0x00000000eb000000, 0x0000000100000000)
  eden space 2560K, 100% used [0x00000000eab00000,0x00000000ead80000,0x00000000ead80000)
  from space 512K, 37% used [0x00000000eaf80000,0x00000000eafb0000,0x00000000eb000000)
  to   space 512K, 0% used [0x00000000ead80000,0x00000000ead80000,0x00000000eae00000)
 ParOldGen       total 498688K, used 498489K [0x00000000c0000000, 0x00000000de700000, 0x00000000eab00000)
  object space 498688K, 99% used [0x00000000c0000000,0x00000000de6ce428,0x00000000de700000)
 Metaspace       used 71112K, committed 72704K, reserved 1114112K
  class space    used 7053K, committed 7744K, reserved 1048576K
}
Event: 552.466 GC heap after
{Heap after GC invocations=1597 (full 4):
 PSYoungGen      total 3072K, used 224K [0x00000000eab00000, 0x00000000eb000000, 0x0000000100000000)
  eden space 2560K, 0% used [0x00000000eab00000,0x00000000eab00000,0x00000000ead80000)
  from space 512K, 43% used [0x00000000ead80000,0x00000000eadb8000,0x00000000eae00000)
  to   space 512K, 0% used [0x00000000eaf80000,0x00000000eaf80000,0x00000000eb000000)
 ParOldGen       total 498688K, used 498597K [0x00000000c0000000, 0x00000000de700000, 0x00000000eab00000)
  object space 498688K, 99% used [0x00000000c0000000,0x00000000de6e9630,0x00000000de700000)
 Metaspace       used 71112K, committed 72704K, reserved 1114112K
  class space    used 7053K, committed 7744K, reserved 1048576K
}
Event: 552.606 GC heap before
{Heap before GC invocations=1598 (full 4):
 PSYoungGen      total 3072K, used 2784K [0x00000000eab00000, 0x00000000eb000000, 0x0000000100000000)
  eden space 2560K, 100% used [0x00000000eab00000,0x00000000ead80000,0x00000000ead80000)
  from space 512K, 43% used [0x00000000ead80000,0x00000000eadb8000,0x00000000eae00000)
  to   space 512K, 0% used [0x00000000eaf80000,0x00000000eaf80000,0x00000000eb000000)
 ParOldGen       total 498688K, used 498597K [0x00000000c0000000, 0x00000000de700000, 0x00000000eab00000)
  object space 498688K, 99% used [0x00000000c0000000,0x00000000de6e9630,0x00000000de700000)
 Metaspace       used 71112K, committed 72704K, reserved 1114112K
  class space    used 7053K, committed 7744K, reserved 1048576K
}
Event: 552.608 GC heap after
{Heap after GC invocations=1598 (full 4):
 PSYoungGen      total 3072K, used 192K [0x00000000eab00000, 0x00000000eb000000, 0x0000000100000000)
  eden space 2560K, 0% used [0x00000000eab00000,0x00000000eab00000,0x00000000ead80000)
  from space 512K, 37% used [0x00000000eaf80000,0x00000000eafb0000,0x00000000eb000000)
  to   space 512K, 0% used [0x00000000ead80000,0x00000000ead80000,0x00000000eae00000)
 ParOldGen       total 498688K, used 498637K [0x00000000c0000000, 0x00000000de700000, 0x00000000eab00000)
  object space 498688K, 99% used [0x00000000c0000000,0x00000000de6f3640,0x00000000de700000)
 Metaspace       used 71112K, committed 72704K, reserved 1114112K
  class space    used 7053K, committed 7744K, reserved 1048576K
}
Event: 552.677 GC heap before
{Heap before GC invocations=1599 (full 4):
 PSYoungGen      total 3072K, used 2752K [0x00000000eab00000, 0x00000000eb000000, 0x0000000100000000)
  eden space 2560K, 100% used [0x00000000eab00000,0x00000000ead80000,0x00000000ead80000)
  from space 512K, 37% used [0x00000000eaf80000,0x00000000eafb0000,0x00000000eb000000)
  to   space 512K, 0% used [0x00000000ead80000,0x00000000ead80000,0x00000000eae00000)
 ParOldGen       total 498688K, used 498637K [0x00000000c0000000, 0x00000000de700000, 0x00000000eab00000)
  object space 498688K, 99% used [0x00000000c0000000,0x00000000de6f3640,0x00000000de700000)
 Metaspace       used 71117K, committed 72704K, reserved 1114112K
  class space    used 7053K, committed 7744K, reserved 1048576K
}
Event: 552.680 GC heap after
{Heap after GC invocations=1599 (full 4):
 PSYoungGen      total 3072K, used 192K [0x00000000eab00000, 0x00000000eb000000, 0x0000000100000000)
  eden space 2560K, 0% used [0x00000000eab00000,0x00000000eab00000,0x00000000ead80000)
  from space 512K, 37% used [0x00000000ead80000,0x00000000eadb0000,0x00000000eae00000)
  to   space 512K, 0% used [0x00000000eaf80000,0x00000000eaf80000,0x00000000eb000000)
 ParOldGen       total 498688K, used 498661K [0x00000000c0000000, 0x00000000de700000, 0x00000000eab00000)
  object space 498688K, 99% used [0x00000000c0000000,0x00000000de6f9640,0x00000000de700000)
 Metaspace       used 71117K, committed 72704K, reserved 1114112K
  class space    used 7053K, committed 7744K, reserved 1048576K
}
Event: 553.138 GC heap before
{Heap before GC invocations=1600 (full 4):
 PSYoungGen      total 3072K, used 2751K [0x00000000eab00000, 0x00000000eb000000, 0x0000000100000000)
  eden space 2560K, 99% used [0x00000000eab00000,0x00000000ead7ffd0,0x00000000ead80000)
  from space 512K, 37% used [0x00000000ead80000,0x00000000eadb0000,0x00000000eae00000)
  to   space 512K, 0% used [0x00000000eaf80000,0x00000000eaf80000,0x00000000eb000000)
 ParOldGen       total 498688K, used 498661K [0x00000000c0000000, 0x00000000de700000, 0x00000000eab00000)
  object space 498688K, 99% used [0x00000000c0000000,0x00000000de6f9640,0x00000000de700000)
 Metaspace       used 71278K, committed 72832K, reserved 1114112K
  class space    used 7065K, committed 7744K, reserved 1048576K
}
Event: 553.142 GC heap after
{Heap after GC invocations=1600 (full 4):
 PSYoungGen      total 3072K, used 384K [0x00000000eab00000, 0x00000000eb000000, 0x0000000100000000)
  eden space 2560K, 0% used [0x00000000eab00000,0x00000000eab00000,0x00000000ead80000)
  from space 512K, 75% used [0x00000000eaf80000,0x00000000eafe0040,0x00000000eb000000)
  to   space 512K, 0% used [0x00000000ead80000,0x00000000ead80000,0x00000000eae00000)
 ParOldGen       total 498688K, used 498685K [0x00000000c0000000, 0x00000000de700000, 0x00000000eab00000)
  object space 498688K, 99% used [0x00000000c0000000,0x00000000de6ff640,0x00000000de700000)
 Metaspace       used 71278K, committed 72832K, reserved 1114112K
  class space    used 7065K, committed 7744K, reserved 1048576K
}

