# JRE version: Java(TM) SE Runtime Environment (17.0+35) (build 17+35-LTS-2724)
# Java VM: Java HotSpot(TM) 64-Bit Server VM (17+35-LTS-2724, mixed mode, sharing, tiered, compressed oops, compressed class ptrs, g1 gc, windows-amd64)
GC Precious Log:
 CPUs: 4 total, 4 available
 Memory: 3534M
 Large Page Support: Disabled
 NUMA Support: Disabled
 Compressed Oops: Enabled (32-bit)
 Heap Region Size: 1M
 Heap Min Capacity: 8M
 Heap Initial Capacity: 56M
 Heap Max Capacity: 884M
 Pre-touch: Disabled
 Parallel Workers: 4
 Concurrent Workers: 1
 Concurrent Refinement Workers: 4
 Periodic GC: Disabled
Heap:
 garbage-first heap   total 57344K, used 15420K [0x00000000c8c00000, 0x0000000100000000)
  region size 1024K, 5 young (5120K), 2 survivors (2048K)
 Metaspace       used 15761K, committed 15936K, reserved 1064960K
  class space    used 1862K, committed 1920K, reserved 1048576K
GC Heap History (12 events):
Event: 0.824 GC heap before
{Heap before GC invocations=0 (full 0):
 garbage-first heap   total 57344K, used 12288K [0x00000000c8c00000, 0x0000000100000000)
  region size 1024K, 13 young (13312K), 0 survivors (0K)
 Metaspace       used 2855K, committed 3008K, reserved 1056768K
  class space    used 307K, committed 384K, reserved 1048576K
}
Event: 0.838 GC heap after
{Heap after GC invocations=1 (full 0):
 garbage-first heap   total 57344K, used 3028K [0x00000000c8c00000, 0x0000000100000000)
  region size 1024K, 2 young (2048K), 2 survivors (2048K)
 Metaspace       used 2855K, committed 3008K, reserved 1056768K
  class space    used 307K, committed 384K, reserved 1048576K
}
Event: 1.387 GC heap before
{Heap before GC invocations=1 (full 0):
 garbage-first heap   total 57344K, used 16340K [0x00000000c8c00000, 0x0000000100000000)
  region size 1024K, 15 young (15360K), 2 survivors (2048K)
 Metaspace       used 5529K, committed 5696K, reserved 1056768K
  class space    used 671K, committed 768K, reserved 1048576K
}
Event: 1.393 GC heap after
{Heap after GC invocations=2 (full 0):
 garbage-first heap   total 57344K, used 3849K [0x00000000c8c00000, 0x0000000100000000)
  region size 1024K, 1 young (1024K), 1 survivors (1024K)
 Metaspace       used 5529K, committed 5696K, reserved 1056768K
  class space    used 671K, committed 768K, reserved 1048576K
}
Event: 2.528 GC heap before
{Heap before GC invocations=2 (full 0):
 garbage-first heap   total 57344K, used 25353K [0x00000000c8c00000, 0x0000000100000000)
  region size 1024K, 23 young (23552K), 1 survivors (1024K)
 Metaspace       used 7896K, committed 8064K, reserved 1064960K
  class space    used 933K, committed 1024K, reserved 1048576K
}
Event: 2.532 GC heap after
{Heap after GC invocations=3 (full 0):
 garbage-first heap   total 57344K, used 4391K [0x00000000c8c00000, 0x0000000100000000)
  region size 1024K, 2 young (2048K), 2 survivors (2048K)
 Metaspace       used 7896K, committed 8064K, reserved 1064960K
  class space    used 933K, committed 1024K, reserved 1048576K
}
Event: 4.758 GC heap before
{Heap before GC invocations=3 (full 0):
 garbage-first heap   total 57344K, used 36135K [0x00000000c8c00000, 0x0000000100000000)
  region size 1024K, 33 young (33792K), 2 survivors (2048K)
 Metaspace       used 14183K, committed 14400K, reserved 1064960K
  class space    used 1745K, committed 1856K, reserved 1048576K
}
Event: 4.770 GC heap after
{Heap after GC invocations=4 (full 0):
 garbage-first heap   total 57344K, used 7464K [0x00000000c8c00000, 0x0000000100000000)
  region size 1024K, 5 young (5120K), 5 survivors (5120K)
 Metaspace       used 14183K, committed 14400K, reserved 1064960K
  class space    used 1745K, committed 1856K, reserved 1048576K
}
Event: 5.993 GC heap before
{Heap before GC invocations=4 (full 0):
 garbage-first heap   total 57344K, used 36136K [0x00000000c8c00000, 0x0000000100000000)
  region size 1024K, 33 young (33792K), 5 survivors (5120K)
 Metaspace       used 15444K, committed 15616K, reserved 1064960K
  class space    used 1859K, committed 1920K, reserved 1048576K
}
Event: 6.016 GC heap after
{Heap after GC invocations=5 (full 0):
 garbage-first heap   total 57344K, used 11598K [0x00000000c8c00000, 0x0000000100000000)
  region size 1024K, 5 young (5120K), 5 survivors (5120K)
 Metaspace       used 15444K, committed 15616K, reserved 1064960K
  class space    used 1859K, committed 1920K, reserved 1048576K
}
Event: 7.139 GC heap before
{Heap before GC invocations=5 (full 0):
 garbage-first heap   total 57344K, used 39246K [0x00000000c8c00000, 0x0000000100000000)
  region size 1024K, 32 young (32768K), 5 survivors (5120K)
 Metaspace       used 15714K, committed 15872K, reserved 1064960K
  class space    used 1862K, committed 1920K, reserved 1048576K
}
Event: 7.155 GC heap after
{Heap after GC invocations=6 (full 0):
 garbage-first heap   total 57344K, used 13372K [0x00000000c8c00000, 0x0000000100000000)
  region size 1024K, 2 young (2048K), 2 survivors (2048K)
 Metaspace       used 15714K, committed 15872K, reserved 1064960K
  class space    used 1862K, committed 1920K, reserved 1048576K
}

