# JRE version: OpenJDK Runtime Environment Temurin-21.0.7+6 (21.0.7+6) (build 21.0.7+6-LTS)
# Java VM: OpenJDK 64-Bit Server VM Temurin-21.0.7+6 (21.0.7+6-LTS, mixed mode, sharing, tiered, compressed oops, compressed class ptrs, parallel gc, windows-amd64)
GC Precious Log:
 CardTable entry size: 512
 CPUs: 4 total, 4 available
 Memory: 3534M
 Large Page Support: Disabled
 NUMA Support: Disabled
 Compressed Oops: Enabled (32-bit)
 Alignments: Space 512K, Generation 512K, Heap 2M
 Heap Min Capacity: 100M
 Heap Initial Capacity: 100M
 Heap Max Capacity: 1G
 Pre-touch: Disabled
 Parallel Workers: 4
Heap:
 PSYoungGen      total 2048K, used 1678K [0x00000000eab00000, 0x00000000eae80000, 0x0000000100000000)
  eden space 1024K, 92% used [0x00000000eab00000,0x00000000eabedb60,0x00000000eac00000)
  from space 1024K, 71% used [0x00000000eac00000,0x00000000eacb6000,0x00000000ead00000)
  to   space 1024K, 98% used [0x00000000ead80000,0x00000000eae7cf48,0x00000000eae80000)
 ParOldGen       total 581632K, used 581495K [0x00000000c0000000, 0x00000000e3800000, 0x00000000eab00000)
  object space 581632K, 99% used [0x00000000c0000000,0x00000000e37dde48,0x00000000e3800000)
 Metaspace       used 65914K, committed 67392K, reserved 1114112K
  class space    used 6666K, committed 7360K, reserved 1048576K
GC Heap History (20 events):
Event: 76.990 GC heap before
{Heap before GC invocations=1045 (full 3):
 PSYoungGen      total 6656K, used 6643K [0x00000000eab00000, 0x00000000eb280000, 0x0000000100000000)
  eden space 5632K, 100% used [0x00000000eab00000,0x00000000eb080000,0x00000000eb080000)
  from space 1024K, 98% used [0x00000000eb080000,0x00000000eb17ce90,0x00000000eb180000)
  to   space 1024K, 0% used [0x00000000eb180000,0x00000000eb180000,0x00000000eb280000)
 ParOldGen       total 569856K, used 569583K [0x00000000c0000000, 0x00000000e2c80000, 0x00000000eab00000)
  object space 569856K, 99% used [0x00000000c0000000,0x00000000e2c3bfc8,0x00000000e2c80000)
 Metaspace       used 65914K, committed 67392K, reserved 1114112K
  class space    used 6666K, committed 7360K, reserved 1048576K
}
Event: 76.999 GC heap after
{Heap after GC invocations=1045 (full 3):
 PSYoungGen      total 2048K, used 1010K [0x00000000eab00000, 0x00000000ebb80000, 0x0000000100000000)
  eden space 1024K, 0% used [0x00000000eab00000,0x00000000eab00000,0x00000000eac00000)
  from space 1024K, 98% used [0x00000000eb180000,0x00000000eb27ca00,0x00000000eb280000)
  to   space 5632K, 0% used [0x00000000eac00000,0x00000000eac00000,0x00000000eb180000)
 ParOldGen       total 573952K, used 573494K [0x00000000c0000000, 0x00000000e3080000, 0x00000000eab00000)
  object space 573952K, 99% used [0x00000000c0000000,0x00000000e300d958,0x00000000e3080000)
 Metaspace       used 65914K, committed 67392K, reserved 1114112K
  class space    used 6666K, committed 7360K, reserved 1048576K
}
Event: 77.023 GC heap before
{Heap before GC invocations=1046 (full 3):
 PSYoungGen      total 2048K, used 2034K [0x00000000eab00000, 0x00000000ebb80000, 0x0000000100000000)
  eden space 1024K, 100% used [0x00000000eab00000,0x00000000eac00000,0x00000000eac00000)
  from space 1024K, 98% used [0x00000000eb180000,0x00000000eb27ca00,0x00000000eb280000)
  to   space 5632K, 0% used [0x00000000eac00000,0x00000000eac00000,0x00000000eb180000)
 ParOldGen       total 573952K, used 573494K [0x00000000c0000000, 0x00000000e3080000, 0x00000000eab00000)
  object space 573952K, 99% used [0x00000000c0000000,0x00000000e300d958,0x00000000e3080000)
 Metaspace       used 65914K, committed 67392K, reserved 1114112K
  class space    used 6666K, committed 7360K, reserved 1048576K
}
Event: 77.027 GC heap after
{Heap after GC invocations=1046 (full 3):
 PSYoungGen      total 2560K, used 1068K [0x00000000eab00000, 0x00000000eb200000, 0x0000000100000000)
  eden space 1024K, 0% used [0x00000000eab00000,0x00000000eab00000,0x00000000eac00000)
  from space 1536K, 69% used [0x00000000eac00000,0x00000000ead0b000,0x00000000ead80000)
  to   space 2560K, 0% used [0x00000000eaf80000,0x00000000eaf80000,0x00000000eb200000)
 ParOldGen       total 574976K, used 574465K [0x00000000c0000000, 0x00000000e3180000, 0x00000000eab00000)
  object space 574976K, 99% used [0x00000000c0000000,0x00000000e3100750,0x00000000e3180000)
 Metaspace       used 65914K, committed 67392K, reserved 1114112K
  class space    used 6666K, committed 7360K, reserved 1048576K
}
Event: 77.050 GC heap before
{Heap before GC invocations=1047 (full 3):
 PSYoungGen      total 2560K, used 1829K [0x00000000eab00000, 0x00000000eb200000, 0x0000000100000000)
  eden space 1024K, 74% used [0x00000000eab00000,0x00000000eabbe780,0x00000000eac00000)
  from space 1536K, 69% used [0x00000000eac00000,0x00000000ead0b000,0x00000000ead80000)
  to   space 2560K, 0% used [0x00000000eaf80000,0x00000000eaf80000,0x00000000eb200000)
 ParOldGen       total 574976K, used 574465K [0x00000000c0000000, 0x00000000e3180000, 0x00000000eab00000)
  object space 574976K, 99% used [0x00000000c0000000,0x00000000e3100750,0x00000000e3180000)
 Metaspace       used 65914K, committed 67392K, reserved 1114112K
  class space    used 6666K, committed 7360K, reserved 1048576K
}
Event: 77.054 GC heap after
{Heap after GC invocations=1047 (full 3):
 PSYoungGen      total 2048K, used 832K [0x00000000eab00000, 0x00000000eb080000, 0x0000000100000000)
  eden space 1024K, 0% used [0x00000000eab00000,0x00000000eab00000,0x00000000eac00000)
  from space 1024K, 81% used [0x00000000eaf80000,0x00000000eb050000,0x00000000eb080000)
  to   space 1536K, 0% used [0x00000000ead80000,0x00000000ead80000,0x00000000eaf00000)
 ParOldGen       total 575488K, used 575484K [0x00000000c0000000, 0x00000000e3200000, 0x00000000eab00000)
  object space 575488K, 99% used [0x00000000c0000000,0x00000000e31ff1f8,0x00000000e3200000)
 Metaspace       used 65914K, committed 67392K, reserved 1114112K
  class space    used 6666K, committed 7360K, reserved 1048576K
}
Event: 77.119 GC heap before
{Heap before GC invocations=1048 (full 3):
 PSYoungGen      total 2048K, used 1856K [0x00000000eab00000, 0x00000000eb080000, 0x0000000100000000)
  eden space 1024K, 100% used [0x00000000eab00000,0x00000000eac00000,0x00000000eac00000)
  from space 1024K, 81% used [0x00000000eaf80000,0x00000000eb050000,0x00000000eb080000)
  to   space 1536K, 0% used [0x00000000ead80000,0x00000000ead80000,0x00000000eaf00000)
 ParOldGen       total 575488K, used 575484K [0x00000000c0000000, 0x00000000e3200000, 0x00000000eab00000)
  object space 575488K, 99% used [0x00000000c0000000,0x00000000e31ff1f8,0x00000000e3200000)
 Metaspace       used 65914K, committed 67392K, reserved 1114112K
  class space    used 6666K, committed 7360K, reserved 1048576K
}
Event: 77.124 GC heap after
{Heap after GC invocations=1048 (full 3):
 PSYoungGen      total 2560K, used 1095K [0x00000000eab00000, 0x00000000eb000000, 0x0000000100000000)
  eden space 1024K, 0% used [0x00000000eab00000,0x00000000eab00000,0x00000000eac00000)
  from space 1536K, 71% used [0x00000000ead80000,0x00000000eae91fa0,0x00000000eaf00000)
  to   space 1024K, 0% used [0x00000000eaf00000,0x00000000eaf00000,0x00000000eb000000)
 ParOldGen       total 576512K, used 576253K [0x00000000c0000000, 0x00000000e3300000, 0x00000000eab00000)
  object space 576512K, 99% used [0x00000000c0000000,0x00000000e32bf740,0x00000000e3300000)
 Metaspace       used 65914K, committed 67392K, reserved 1114112K
  class space    used 6666K, committed 7360K, reserved 1048576K
}
Event: 77.147 GC heap before
{Heap before GC invocations=1049 (full 3):
 PSYoungGen      total 2560K, used 2119K [0x00000000eab00000, 0x00000000eb000000, 0x0000000100000000)
  eden space 1024K, 100% used [0x00000000eab00000,0x00000000eac00000,0x00000000eac00000)
  from space 1536K, 71% used [0x00000000ead80000,0x00000000eae91fa0,0x00000000eaf00000)
  to   space 1024K, 0% used [0x00000000eaf00000,0x00000000eaf00000,0x00000000eb000000)
 ParOldGen       total 576512K, used 576253K [0x00000000c0000000, 0x00000000e3300000, 0x00000000eab00000)
  object space 576512K, 99% used [0x00000000c0000000,0x00000000e32bf740,0x00000000e3300000)
 Metaspace       used 65914K, committed 67392K, reserved 1114112K
  class space    used 6666K, committed 7360K, reserved 1048576K
}
Event: 77.152 GC heap after
{Heap after GC invocations=1049 (full 3):
 PSYoungGen      total 2048K, used 999K [0x00000000eab00000, 0x00000000eb100000, 0x0000000100000000)
  eden space 1024K, 0% used [0x00000000eab00000,0x00000000eab00000,0x00000000eac00000)
  from space 1024K, 97% used [0x00000000eaf00000,0x00000000eaff9fa0,0x00000000eb000000)
  to   space 2560K, 0% used [0x00000000eac00000,0x00000000eac00000,0x00000000eae80000)
 ParOldGen       total 577536K, used 577267K [0x00000000c0000000, 0x00000000e3400000, 0x00000000eab00000)
  object space 577536K, 99% used [0x00000000c0000000,0x00000000e33bcc30,0x00000000e3400000)
 Metaspace       used 65914K, committed 67392K, reserved 1114112K
  class space    used 6666K, committed 7360K, reserved 1048576K
}
Event: 77.192 GC heap before
{Heap before GC invocations=1050 (full 3):
 PSYoungGen      total 2048K, used 2023K [0x00000000eab00000, 0x00000000eb100000, 0x0000000100000000)
  eden space 1024K, 100% used [0x00000000eab00000,0x00000000eac00000,0x00000000eac00000)
  from space 1024K, 97% used [0x00000000eaf00000,0x00000000eaff9fa0,0x00000000eb000000)
  to   space 2560K, 0% used [0x00000000eac00000,0x00000000eac00000,0x00000000eae80000)
 ParOldGen       total 577536K, used 577267K [0x00000000c0000000, 0x00000000e3400000, 0x00000000eab00000)
  object space 577536K, 99% used [0x00000000c0000000,0x00000000e33bcc30,0x00000000e3400000)
 Metaspace       used 65914K, committed 67392K, reserved 1114112K
  class space    used 6666K, committed 7360K, reserved 1048576K
}
Event: 77.198 GC heap after
{Heap after GC invocations=1050 (full 3):
 PSYoungGen      total 2560K, used 1034K [0x00000000eab00000, 0x00000000eaf80000, 0x0000000100000000)
  eden space 1024K, 0% used [0x00000000eab00000,0x00000000eab00000,0x00000000eac00000)
  from space 1536K, 67% used [0x00000000eac00000,0x00000000ead02800,0x00000000ead80000)
  to   space 1536K, 0% used [0x00000000eae00000,0x00000000eae00000,0x00000000eaf80000)
 ParOldGen       total 578560K, used 578269K [0x00000000c0000000, 0x00000000e3500000, 0x00000000eab00000)
  object space 578560K, 99% used [0x00000000c0000000,0x00000000e34b7670,0x00000000e3500000)
 Metaspace       used 65914K, committed 67392K, reserved 1114112K
  class space    used 6666K, committed 7360K, reserved 1048576K
}
Event: 77.216 GC heap before
{Heap before GC invocations=1051 (full 3):
 PSYoungGen      total 2560K, used 2058K [0x00000000eab00000, 0x00000000eaf80000, 0x0000000100000000)
  eden space 1024K, 100% used [0x00000000eab00000,0x00000000eac00000,0x00000000eac00000)
  from space 1536K, 67% used [0x00000000eac00000,0x00000000ead02800,0x00000000ead80000)
  to   space 1536K, 0% used [0x00000000eae00000,0x00000000eae00000,0x00000000eaf80000)
 ParOldGen       total 578560K, used 578269K [0x00000000c0000000, 0x00000000e3500000, 0x00000000eab00000)
  object space 578560K, 99% used [0x00000000c0000000,0x00000000e34b7670,0x00000000e3500000)
 Metaspace       used 65914K, committed 67392K, reserved 1114112K
  class space    used 6666K, committed 7360K, reserved 1048576K
}
Event: 77.221 GC heap after
{Heap after GC invocations=1051 (full 3):
 PSYoungGen      total 2560K, used 1075K [0x00000000eab00000, 0x00000000eaf80000, 0x0000000100000000)
  eden space 1024K, 0% used [0x00000000eab00000,0x00000000eab00000,0x00000000eac00000)
  from space 1536K, 70% used [0x00000000eae00000,0x00000000eaf0ce60,0x00000000eaf80000)
  to   space 1536K, 0% used [0x00000000eac00000,0x00000000eac00000,0x00000000ead80000)
 ParOldGen       total 579584K, used 579291K [0x00000000c0000000, 0x00000000e3600000, 0x00000000eab00000)
  object space 579584K, 99% used [0x00000000c0000000,0x00000000e35b6de0,0x00000000e3600000)
 Metaspace       used 65914K, committed 67392K, reserved 1114112K
  class space    used 6666K, committed 7360K, reserved 1048576K
}
Event: 77.238 GC heap before
{Heap before GC invocations=1052 (full 3):
 PSYoungGen      total 2560K, used 1957K [0x00000000eab00000, 0x00000000eaf80000, 0x0000000100000000)
  eden space 1024K, 86% used [0x00000000eab00000,0x00000000eabdc750,0x00000000eac00000)
  from space 1536K, 70% used [0x00000000eae00000,0x00000000eaf0ce60,0x00000000eaf80000)
  to   space 1536K, 0% used [0x00000000eac00000,0x00000000eac00000,0x00000000ead80000)
 ParOldGen       total 579584K, used 579291K [0x00000000c0000000, 0x00000000e3600000, 0x00000000eab00000)
  object space 579584K, 99% used [0x00000000c0000000,0x00000000e35b6de0,0x00000000e3600000)
 Metaspace       used 65914K, committed 67392K, reserved 1114112K
  class space    used 6666K, committed 7360K, reserved 1048576K
}
Event: 77.241 GC heap after
{Heap after GC invocations=1052 (full 3):
 PSYoungGen      total 2560K, used 894K [0x00000000eab00000, 0x00000000eae80000, 0x0000000100000000)
  eden space 1024K, 0% used [0x00000000eab00000,0x00000000eab00000,0x00000000eac00000)
  from space 1536K, 58% used [0x00000000eac00000,0x00000000eacdfbd0,0x00000000ead80000)
  to   space 1024K, 0% used [0x00000000ead80000,0x00000000ead80000,0x00000000eae80000)
 ParOldGen       total 580608K, used 580301K [0x00000000c0000000, 0x00000000e3700000, 0x00000000eab00000)
  object space 580608K, 99% used [0x00000000c0000000,0x00000000e36b36b0,0x00000000e3700000)
 Metaspace       used 65914K, committed 67392K, reserved 1114112K
  class space    used 6666K, committed 7360K, reserved 1048576K
}
Event: 77.247 GC heap before
{Heap before GC invocations=1053 (full 3):
 PSYoungGen      total 2560K, used 1197K [0x00000000eab00000, 0x00000000eae80000, 0x0000000100000000)
  eden space 1024K, 29% used [0x00000000eab00000,0x00000000eab4bad0,0x00000000eac00000)
  from space 1536K, 58% used [0x00000000eac00000,0x00000000eacdfbd0,0x00000000ead80000)
  to   space 1024K, 0% used [0x00000000ead80000,0x00000000ead80000,0x00000000eae80000)
 ParOldGen       total 580608K, used 580301K [0x00000000c0000000, 0x00000000e3700000, 0x00000000eab00000)
  object space 580608K, 99% used [0x00000000c0000000,0x00000000e36b36b0,0x00000000e3700000)
 Metaspace       used 65914K, committed 67392K, reserved 1114112K
  class space    used 6666K, committed 7360K, reserved 1048576K
}
Event: 77.251 GC heap after
{Heap after GC invocations=1053 (full 3):
 PSYoungGen      total 1536K, used 331K [0x00000000eab00000, 0x00000000eae00000, 0x0000000100000000)
  eden space 1024K, 0% used [0x00000000eab00000,0x00000000eab00000,0x00000000eac00000)
  from space 512K, 64% used [0x00000000ead80000,0x00000000eadd2c00,0x00000000eae00000)
  to   space 1024K, 0% used [0x00000000eac00000,0x00000000eac00000,0x00000000ead00000)
 ParOldGen       total 581632K, used 581181K [0x00000000c0000000, 0x00000000e3800000, 0x00000000eab00000)
  object space 581632K, 99% used [0x00000000c0000000,0x00000000e378f7a0,0x00000000e3800000)
 Metaspace       used 65914K, committed 67392K, reserved 1114112K
  class space    used 6666K, committed 7360K, reserved 1048576K
}
Event: 77.251 GC heap before
{Heap before GC invocations=1054 (full 3):
 PSYoungGen      total 1536K, used 1059K [0x00000000eab00000, 0x00000000eae00000, 0x0000000100000000)
  eden space 1024K, 71% used [0x00000000eab00000,0x00000000eabb6000,0x00000000eac00000)
  from space 512K, 64% used [0x00000000ead80000,0x00000000eadd2c00,0x00000000eae00000)
  to   space 1024K, 0% used [0x00000000eac00000,0x00000000eac00000,0x00000000ead00000)
 ParOldGen       total 581632K, used 581181K [0x00000000c0000000, 0x00000000e3800000, 0x00000000eab00000)
  object space 581632K, 99% used [0x00000000c0000000,0x00000000e378f7a0,0x00000000e3800000)
 Metaspace       used 65914K, committed 67392K, reserved 1114112K
  class space    used 6666K, committed 7360K, reserved 1048576K
}
Event: 77.254 GC heap after
{Heap after GC invocations=1054 (full 3):
 PSYoungGen      total 2048K, used 728K [0x00000000eab00000, 0x00000000eae80000, 0x0000000100000000)
  eden space 1024K, 0% used [0x00000000eab00000,0x00000000eab00000,0x00000000eac00000)
  from space 1024K, 71% used [0x00000000eac00000,0x00000000eacb6000,0x00000000ead00000)
  to   space 1024K, 0% used [0x00000000ead80000,0x00000000ead80000,0x00000000eae80000)
 ParOldGen       total 581632K, used 581495K [0x00000000c0000000, 0x00000000e3800000, 0x00000000eab00000)
  object space 581632K, 99% used [0x00000000c0000000,0x00000000e37dde48,0x00000000e3800000)
 Metaspace       used 65914K, committed 67392K, reserved 1114112K
  class space    used 6666K, committed 7360K, reserved 1048576K
}

