# JRE version: OpenJDK Runtime Environment Temurin-21.0.7+6 (21.0.7+6) (build 21.0.7+6-LTS)
# Java VM: OpenJDK 64-Bit Server VM Temurin-21.0.7+6 (21.0.7+6-LTS, mixed mode, sharing, tiered, compressed oops, compressed class ptrs, parallel gc, windows-amd64)
GC Precious Log:
 CardTable entry size: 512
 CPUs: 4 total, 4 available
 Memory: 3534M
 Large Page Support: Disabled
 NUMA Support: Disabled
 Compressed Oops: Enabled (32-bit)
 Alignments: Space 512K, Generation 512K, Heap 2M
 Heap Min Capacity: 100M
 Heap Initial Capacity: 100M
 Heap Max Capacity: 1G
 Pre-touch: Disabled
 Parallel Workers: 4
Heap:
 PSYoungGen      total 3072K, used 1559K [0x00000000eab00000, 0x00000000eaf80000, 0x0000000100000000)
  eden space 2560K, 42% used [0x00000000eab00000,0x00000000eac0dcf0,0x00000000ead80000)
  from space 512K, 93% used [0x00000000ead80000,0x00000000eadf8030,0x00000000eae00000)
  to   space 1024K, 0% used [0x00000000eae80000,0x00000000eae80000,0x00000000eaf80000)
 ParOldGen       total 216064K, used 215988K [0x00000000c0000000, 0x00000000cd300000, 0x00000000eab00000)
  object space 216064K, 99% used [0x00000000c0000000,0x00000000cd2ed2c0,0x00000000cd300000)
 Metaspace       used 67001K, committed 68544K, reserved 1114112K
  class space    used 6762K, committed 7488K, reserved 1048576K
GC Heap History (20 events):
Event: 67.460 GC heap before
{Heap before GC invocations=1269 (full 4):
 PSYoungGen      total 3072K, used 2212K [0x00000000eab00000, 0x00000000eb000000, 0x0000000100000000)
  eden space 2560K, 73% used [0x00000000eab00000,0x00000000eacd92d0,0x00000000ead80000)
  from space 512K, 62% used [0x00000000ead80000,0x00000000eadd0020,0x00000000eae00000)
  to   space 1024K, 0% used [0x00000000eaf00000,0x00000000eaf00000,0x00000000eb000000)
 ParOldGen       total 215552K, used 215324K [0x00000000c0000000, 0x00000000cd280000, 0x00000000eab00000)
  object space 215552K, 99% used [0x00000000c0000000,0x00000000cd2470b0,0x00000000cd280000)
 Metaspace       used 66226K, committed 67776K, reserved 1114112K
  class space    used 6690K, committed 7424K, reserved 1048576K
}
Event: 67.461 GC heap after
{Heap after GC invocations=1269 (full 4):
 PSYoungGen      total 3072K, used 128K [0x00000000eab00000, 0x00000000eaf80000, 0x0000000100000000)
  eden space 2560K, 0% used [0x00000000eab00000,0x00000000eab00000,0x00000000ead80000)
  from space 512K, 25% used [0x00000000eaf00000,0x00000000eaf20000,0x00000000eaf80000)
  to   space 512K, 0% used [0x00000000ead80000,0x00000000ead80000,0x00000000eae00000)
 ParOldGen       total 216064K, used 215588K [0x00000000c0000000, 0x00000000cd300000, 0x00000000eab00000)
  object space 216064K, 99% used [0x00000000c0000000,0x00000000cd2890e0,0x00000000cd300000)
 Metaspace       used 66226K, committed 67776K, reserved 1114112K
  class space    used 6690K, committed 7424K, reserved 1048576K
}
Event: 67.491 GC heap before
{Heap before GC invocations=1270 (full 4):
 PSYoungGen      total 3072K, used 2688K [0x00000000eab00000, 0x00000000eaf80000, 0x0000000100000000)
  eden space 2560K, 100% used [0x00000000eab00000,0x00000000ead80000,0x00000000ead80000)
  from space 512K, 25% used [0x00000000eaf00000,0x00000000eaf20000,0x00000000eaf80000)
  to   space 512K, 0% used [0x00000000ead80000,0x00000000ead80000,0x00000000eae00000)
 ParOldGen       total 216064K, used 215588K [0x00000000c0000000, 0x00000000cd300000, 0x00000000eab00000)
  object space 216064K, 99% used [0x00000000c0000000,0x00000000cd2890e0,0x00000000cd300000)
 Metaspace       used 66226K, committed 67776K, reserved 1114112K
  class space    used 6690K, committed 7424K, reserved 1048576K
}
Event: 67.492 GC heap after
{Heap after GC invocations=1270 (full 4):
 PSYoungGen      total 3072K, used 128K [0x00000000eab00000, 0x00000000eaf80000, 0x0000000100000000)
  eden space 2560K, 0% used [0x00000000eab00000,0x00000000eab00000,0x00000000ead80000)
  from space 512K, 25% used [0x00000000ead80000,0x00000000eada0000,0x00000000eae00000)
  to   space 512K, 0% used [0x00000000eaf00000,0x00000000eaf00000,0x00000000eaf80000)
 ParOldGen       total 216064K, used 215612K [0x00000000c0000000, 0x00000000cd300000, 0x00000000eab00000)
  object space 216064K, 99% used [0x00000000c0000000,0x00000000cd28f0e0,0x00000000cd300000)
 Metaspace       used 66226K, committed 67776K, reserved 1114112K
  class space    used 6690K, committed 7424K, reserved 1048576K
}
Event: 67.575 GC heap before
{Heap before GC invocations=1271 (full 4):
 PSYoungGen      total 3072K, used 2688K [0x00000000eab00000, 0x00000000eaf80000, 0x0000000100000000)
  eden space 2560K, 100% used [0x00000000eab00000,0x00000000ead80000,0x00000000ead80000)
  from space 512K, 25% used [0x00000000ead80000,0x00000000eada0000,0x00000000eae00000)
  to   space 512K, 0% used [0x00000000eaf00000,0x00000000eaf00000,0x00000000eaf80000)
 ParOldGen       total 216064K, used 215612K [0x00000000c0000000, 0x00000000cd300000, 0x00000000eab00000)
  object space 216064K, 99% used [0x00000000c0000000,0x00000000cd28f0e0,0x00000000cd300000)
 Metaspace       used 66226K, committed 67776K, reserved 1114112K
  class space    used 6690K, committed 7424K, reserved 1048576K
}
Event: 67.576 GC heap after
{Heap after GC invocations=1271 (full 4):
 PSYoungGen      total 3072K, used 96K [0x00000000eab00000, 0x00000000eaf80000, 0x0000000100000000)
  eden space 2560K, 0% used [0x00000000eab00000,0x00000000eab00000,0x00000000ead80000)
  from space 512K, 18% used [0x00000000eaf00000,0x00000000eaf18000,0x00000000eaf80000)
  to   space 512K, 0% used [0x00000000ead80000,0x00000000ead80000,0x00000000eae00000)
 ParOldGen       total 216064K, used 215636K [0x00000000c0000000, 0x00000000cd300000, 0x00000000eab00000)
  object space 216064K, 99% used [0x00000000c0000000,0x00000000cd2950e0,0x00000000cd300000)
 Metaspace       used 66226K, committed 67776K, reserved 1114112K
  class space    used 6690K, committed 7424K, reserved 1048576K
}
Event: 68.131 GC heap before
{Heap before GC invocations=1272 (full 4):
 PSYoungGen      total 3072K, used 2656K [0x00000000eab00000, 0x00000000eaf80000, 0x0000000100000000)
  eden space 2560K, 100% used [0x00000000eab00000,0x00000000ead80000,0x00000000ead80000)
  from space 512K, 18% used [0x00000000eaf00000,0x00000000eaf18000,0x00000000eaf80000)
  to   space 512K, 0% used [0x00000000ead80000,0x00000000ead80000,0x00000000eae00000)
 ParOldGen       total 216064K, used 215636K [0x00000000c0000000, 0x00000000cd300000, 0x00000000eab00000)
  object space 216064K, 99% used [0x00000000c0000000,0x00000000cd2950e0,0x00000000cd300000)
 Metaspace       used 66226K, committed 67776K, reserved 1114112K
  class space    used 6690K, committed 7424K, reserved 1048576K
}
Event: 68.133 GC heap after
{Heap after GC invocations=1272 (full 4):
 PSYoungGen      total 3072K, used 96K [0x00000000eab00000, 0x00000000eaf80000, 0x0000000100000000)
  eden space 2560K, 0% used [0x00000000eab00000,0x00000000eab00000,0x00000000ead80000)
  from space 512K, 18% used [0x00000000ead80000,0x00000000ead98000,0x00000000eae00000)
  to   space 512K, 0% used [0x00000000eaf00000,0x00000000eaf00000,0x00000000eaf80000)
 ParOldGen       total 216064K, used 215660K [0x00000000c0000000, 0x00000000cd300000, 0x00000000eab00000)
  object space 216064K, 99% used [0x00000000c0000000,0x00000000cd29b0e0,0x00000000cd300000)
 Metaspace       used 66226K, committed 67776K, reserved 1114112K
  class space    used 6690K, committed 7424K, reserved 1048576K
}
Event: 96.901 GC heap before
{Heap before GC invocations=1273 (full 4):
 PSYoungGen      total 3072K, used 2656K [0x00000000eab00000, 0x00000000eaf80000, 0x0000000100000000)
  eden space 2560K, 100% used [0x00000000eab00000,0x00000000ead80000,0x00000000ead80000)
  from space 512K, 18% used [0x00000000ead80000,0x00000000ead98000,0x00000000eae00000)
  to   space 512K, 0% used [0x00000000eaf00000,0x00000000eaf00000,0x00000000eaf80000)
 ParOldGen       total 216064K, used 215660K [0x00000000c0000000, 0x00000000cd300000, 0x00000000eab00000)
  object space 216064K, 99% used [0x00000000c0000000,0x00000000cd29b0e0,0x00000000cd300000)
 Metaspace       used 66425K, committed 68032K, reserved 1114112K
  class space    used 6715K, committed 7488K, reserved 1048576K
}
Event: 96.904 GC heap after
{Heap after GC invocations=1273 (full 4):
 PSYoungGen      total 3072K, used 160K [0x00000000eab00000, 0x00000000eaf80000, 0x0000000100000000)
  eden space 2560K, 0% used [0x00000000eab00000,0x00000000eab00000,0x00000000ead80000)
  from space 512K, 31% used [0x00000000eaf00000,0x00000000eaf28000,0x00000000eaf80000)
  to   space 512K, 0% used [0x00000000ead80000,0x00000000ead80000,0x00000000eae00000)
 ParOldGen       total 216064K, used 215700K [0x00000000c0000000, 0x00000000cd300000, 0x00000000eab00000)
  object space 216064K, 99% used [0x00000000c0000000,0x00000000cd2a50e0,0x00000000cd300000)
 Metaspace       used 66425K, committed 68032K, reserved 1114112K
  class space    used 6715K, committed 7488K, reserved 1048576K
}
Event: 97.270 GC heap before
{Heap before GC invocations=1274 (full 4):
 PSYoungGen      total 3072K, used 2719K [0x00000000eab00000, 0x00000000eaf80000, 0x0000000100000000)
  eden space 2560K, 99% used [0x00000000eab00000,0x00000000ead7ffe0,0x00000000ead80000)
  from space 512K, 31% used [0x00000000eaf00000,0x00000000eaf28000,0x00000000eaf80000)
  to   space 512K, 0% used [0x00000000ead80000,0x00000000ead80000,0x00000000eae00000)
 ParOldGen       total 216064K, used 215700K [0x00000000c0000000, 0x00000000cd300000, 0x00000000eab00000)
  object space 216064K, 99% used [0x00000000c0000000,0x00000000cd2a50e0,0x00000000cd300000)
 Metaspace       used 66597K, committed 68160K, reserved 1114112K
  class space    used 6737K, committed 7488K, reserved 1048576K
}
Event: 97.273 GC heap after
{Heap after GC invocations=1274 (full 4):
 PSYoungGen      total 3072K, used 256K [0x00000000eab00000, 0x00000000eaf80000, 0x0000000100000000)
  eden space 2560K, 0% used [0x00000000eab00000,0x00000000eab00000,0x00000000ead80000)
  from space 512K, 50% used [0x00000000ead80000,0x00000000eadc0000,0x00000000eae00000)
  to   space 512K, 0% used [0x00000000eaf00000,0x00000000eaf00000,0x00000000eaf80000)
 ParOldGen       total 216064K, used 215812K [0x00000000c0000000, 0x00000000cd300000, 0x00000000eab00000)
  object space 216064K, 99% used [0x00000000c0000000,0x00000000cd2c1290,0x00000000cd300000)
 Metaspace       used 66597K, committed 68160K, reserved 1114112K
  class space    used 6737K, committed 7488K, reserved 1048576K
}
Event: 97.477 GC heap before
{Heap before GC invocations=1275 (full 4):
 PSYoungGen      total 3072K, used 2816K [0x00000000eab00000, 0x00000000eaf80000, 0x0000000100000000)
  eden space 2560K, 100% used [0x00000000eab00000,0x00000000ead80000,0x00000000ead80000)
  from space 512K, 50% used [0x00000000ead80000,0x00000000eadc0000,0x00000000eae00000)
  to   space 512K, 0% used [0x00000000eaf00000,0x00000000eaf00000,0x00000000eaf80000)
 ParOldGen       total 216064K, used 215812K [0x00000000c0000000, 0x00000000cd300000, 0x00000000eab00000)
  object space 216064K, 99% used [0x00000000c0000000,0x00000000cd2c1290,0x00000000cd300000)
 Metaspace       used 66641K, committed 68224K, reserved 1114112K
  class space    used 6742K, committed 7488K, reserved 1048576K
}
Event: 97.480 GC heap after
{Heap after GC invocations=1275 (full 4):
 PSYoungGen      total 3072K, used 192K [0x00000000eab00000, 0x00000000eaf80000, 0x0000000100000000)
  eden space 2560K, 0% used [0x00000000eab00000,0x00000000eab00000,0x00000000ead80000)
  from space 512K, 37% used [0x00000000eaf00000,0x00000000eaf30020,0x00000000eaf80000)
  to   space 512K, 0% used [0x00000000ead80000,0x00000000ead80000,0x00000000eae00000)
 ParOldGen       total 216064K, used 215940K [0x00000000c0000000, 0x00000000cd300000, 0x00000000eab00000)
  object space 216064K, 99% used [0x00000000c0000000,0x00000000cd2e12b0,0x00000000cd300000)
 Metaspace       used 66641K, committed 68224K, reserved 1114112K
  class space    used 6742K, committed 7488K, reserved 1048576K
}
Event: 176.119 GC heap before
{Heap before GC invocations=1276 (full 4):
 PSYoungGen      total 3072K, used 2752K [0x00000000eab00000, 0x00000000eaf80000, 0x0000000100000000)
  eden space 2560K, 99% used [0x00000000eab00000,0x00000000ead7fff8,0x00000000ead80000)
  from space 512K, 37% used [0x00000000eaf00000,0x00000000eaf30020,0x00000000eaf80000)
  to   space 512K, 0% used [0x00000000ead80000,0x00000000ead80000,0x00000000eae00000)
 ParOldGen       total 216064K, used 215940K [0x00000000c0000000, 0x00000000cd300000, 0x00000000eab00000)
  object space 216064K, 99% used [0x00000000c0000000,0x00000000cd2e12b0,0x00000000cd300000)
 Metaspace       used 66701K, committed 68288K, reserved 1114112K
  class space    used 6743K, committed 7488K, reserved 1048576K
}
Event: 176.199 GC heap after
{Heap after GC invocations=1276 (full 4):
 PSYoungGen      total 3072K, used 352K [0x00000000eab00000, 0x00000000eaf80000, 0x0000000100000000)
  eden space 2560K, 0% used [0x00000000eab00000,0x00000000eab00000,0x00000000ead80000)
  from space 512K, 68% used [0x00000000ead80000,0x00000000eadd8040,0x00000000eae00000)
  to   space 512K, 0% used [0x00000000eaf00000,0x00000000eaf00000,0x00000000eaf80000)
 ParOldGen       total 216064K, used 215948K [0x00000000c0000000, 0x00000000cd300000, 0x00000000eab00000)
  object space 216064K, 99% used [0x00000000c0000000,0x00000000cd2e32b0,0x00000000cd300000)
 Metaspace       used 66701K, committed 68288K, reserved 1114112K
  class space    used 6743K, committed 7488K, reserved 1048576K
}
Event: 176.441 GC heap before
{Heap before GC invocations=1277 (full 4):
 PSYoungGen      total 3072K, used 2912K [0x00000000eab00000, 0x00000000eaf80000, 0x0000000100000000)
  eden space 2560K, 100% used [0x00000000eab00000,0x00000000ead80000,0x00000000ead80000)
  from space 512K, 68% used [0x00000000ead80000,0x00000000eadd8040,0x00000000eae00000)
  to   space 512K, 0% used [0x00000000eaf00000,0x00000000eaf00000,0x00000000eaf80000)
 ParOldGen       total 216064K, used 215948K [0x00000000c0000000, 0x00000000cd300000, 0x00000000eab00000)
  object space 216064K, 99% used [0x00000000c0000000,0x00000000cd2e32b0,0x00000000cd300000)
 Metaspace       used 66903K, committed 68480K, reserved 1114112K
  class space    used 6754K, committed 7488K, reserved 1048576K
}
Event: 176.443 GC heap after
{Heap after GC invocations=1277 (full 4):
 PSYoungGen      total 3072K, used 288K [0x00000000eab00000, 0x00000000eaf80000, 0x0000000100000000)
  eden space 2560K, 0% used [0x00000000eab00000,0x00000000eab00000,0x00000000ead80000)
  from space 512K, 56% used [0x00000000eaf00000,0x00000000eaf48040,0x00000000eaf80000)
  to   space 512K, 0% used [0x00000000ead80000,0x00000000ead80000,0x00000000eae00000)
 ParOldGen       total 216064K, used 215948K [0x00000000c0000000, 0x00000000cd300000, 0x00000000eab00000)
  object space 216064K, 99% used [0x00000000c0000000,0x00000000cd2e32b0,0x00000000cd300000)
 Metaspace       used 66903K, committed 68480K, reserved 1114112K
  class space    used 6754K, committed 7488K, reserved 1048576K
}
Event: 179.978 GC heap before
{Heap before GC invocations=1278 (full 4):
 PSYoungGen      total 3072K, used 2848K [0x00000000eab00000, 0x00000000eaf80000, 0x0000000100000000)
  eden space 2560K, 100% used [0x00000000eab00000,0x00000000ead80000,0x00000000ead80000)
  from space 512K, 56% used [0x00000000eaf00000,0x00000000eaf48040,0x00000000eaf80000)
  to   space 512K, 0% used [0x00000000ead80000,0x00000000ead80000,0x00000000eae00000)
 ParOldGen       total 216064K, used 215948K [0x00000000c0000000, 0x00000000cd300000, 0x00000000eab00000)
  object space 216064K, 99% used [0x00000000c0000000,0x00000000cd2e32b0,0x00000000cd300000)
 Metaspace       used 66991K, committed 68544K, reserved 1114112K
  class space    used 6762K, committed 7488K, reserved 1048576K
}
Event: 179.982 GC heap after
{Heap after GC invocations=1278 (full 4):
 PSYoungGen      total 3072K, used 480K [0x00000000eab00000, 0x00000000eaf80000, 0x0000000100000000)
  eden space 2560K, 0% used [0x00000000eab00000,0x00000000eab00000,0x00000000ead80000)
  from space 512K, 93% used [0x00000000ead80000,0x00000000eadf8030,0x00000000eae00000)
  to   space 1024K, 0% used [0x00000000eae80000,0x00000000eae80000,0x00000000eaf80000)
 ParOldGen       total 216064K, used 215988K [0x00000000c0000000, 0x00000000cd300000, 0x00000000eab00000)
  object space 216064K, 99% used [0x00000000c0000000,0x00000000cd2ed2c0,0x00000000cd300000)
 Metaspace       used 66991K, committed 68544K, reserved 1114112K
  class space    used 6762K, committed 7488K, reserved 1048576K
}

