# JRE version: OpenJDK Runtime Environment Temurin-21.0.7+6 (21.0.7+6) (build 21.0.7+6-LTS)
# Java VM: OpenJDK 64-Bit Server VM Temurin-21.0.7+6 (21.0.7+6-LTS, mixed mode, sharing, tiered, compressed oops, compressed class ptrs, parallel gc, windows-amd64)
GC Precious Log:
 CardTable entry size: 512
 CPUs: 4 total, 4 available
 Memory: 3534M
 Large Page Support: Disabled
 NUMA Support: Disabled
 Compressed Oops: Enabled (32-bit)
 Alignments: Space 512K, Generation 512K, Heap 2M
 Heap Min Capacity: 100M
 Heap Initial Capacity: 100M
 Heap Max Capacity: 1G
 Pre-touch: Disabled
 Parallel Workers: 4
Heap:
 PSYoungGen      total 5120K, used 4672K [0x00000000eab00000, 0x00000000eb100000, 0x0000000100000000)
  eden space 4096K, 100% used [0x00000000eab00000,0x00000000eaf00000,0x00000000eaf00000)
  from space 1024K, 56% used [0x00000000eaf00000,0x00000000eaf90000,0x00000000eb000000)
  to   space 1024K, 98% used [0x00000000eb000000,0x00000000eb0fd590,0x00000000eb100000)
 ParOldGen       total 379904K, used 379754K [0x00000000c0000000, 0x00000000d7300000, 0x00000000eab00000)
  object space 379904K, 99% used [0x00000000c0000000,0x00000000d72da8a0,0x00000000d7300000)
 Metaspace       used 67671K, committed 69184K, reserved 1114112K
  class space    used 6825K, committed 7488K, reserved 1048576K
GC Heap History (20 events):
Event: 231.847 GC heap before
{Heap before GC invocations=1464 (full 4):
 PSYoungGen      total 2560K, used 1920K [0x00000000eab00000, 0x00000000eae80000, 0x0000000100000000)
  eden space 1536K, 100% used [0x00000000eab00000,0x00000000eac80000,0x00000000eac80000)
  from space 1024K, 37% used [0x00000000eac80000,0x00000000eace0000,0x00000000ead80000)
  to   space 512K, 0% used [0x00000000eae00000,0x00000000eae00000,0x00000000eae80000)
 ParOldGen       total 370688K, used 370577K [0x00000000c0000000, 0x00000000d6a00000, 0x00000000eab00000)
  object space 370688K, 99% used [0x00000000c0000000,0x00000000d69e46c0,0x00000000d6a00000)
 Metaspace       used 67662K, committed 69184K, reserved 1114112K
  class space    used 6825K, committed 7488K, reserved 1048576K
}
Event: 231.850 GC heap after
{Heap after GC invocations=1464 (full 4):
 PSYoungGen      total 2560K, used 512K [0x00000000eab00000, 0x00000000eaf00000, 0x0000000100000000)
  eden space 2048K, 0% used [0x00000000eab00000,0x00000000eab00000,0x00000000ead00000)
  from space 512K, 100% used [0x00000000eae00000,0x00000000eae80000,0x00000000eae80000)
  to   space 1024K, 0% used [0x00000000ead00000,0x00000000ead00000,0x00000000eae00000)
 ParOldGen       total 371200K, used 370913K [0x00000000c0000000, 0x00000000d6a80000, 0x00000000eab00000)
  object space 371200K, 99% used [0x00000000c0000000,0x00000000d6a386c0,0x00000000d6a80000)
 Metaspace       used 67662K, committed 69184K, reserved 1114112K
  class space    used 6825K, committed 7488K, reserved 1048576K
}
Event: 231.859 GC heap before
{Heap before GC invocations=1465 (full 4):
 PSYoungGen      total 2560K, used 2560K [0x00000000eab00000, 0x00000000eaf00000, 0x0000000100000000)
  eden space 2048K, 100% used [0x00000000eab00000,0x00000000ead00000,0x00000000ead00000)
  from space 512K, 100% used [0x00000000eae00000,0x00000000eae80000,0x00000000eae80000)
  to   space 1024K, 0% used [0x00000000ead00000,0x00000000ead00000,0x00000000eae00000)
 ParOldGen       total 371200K, used 370913K [0x00000000c0000000, 0x00000000d6a80000, 0x00000000eab00000)
  object space 371200K, 99% used [0x00000000c0000000,0x00000000d6a386c0,0x00000000d6a80000)
 Metaspace       used 67662K, committed 69184K, reserved 1114112K
  class space    used 6825K, committed 7488K, reserved 1048576K
}
Event: 231.861 GC heap after
{Heap after GC invocations=1465 (full 4):
 PSYoungGen      total 3072K, used 1024K [0x00000000eab00000, 0x00000000eb180000, 0x0000000100000000)
  eden space 2048K, 0% used [0x00000000eab00000,0x00000000eab00000,0x00000000ead00000)
  from space 1024K, 100% used [0x00000000ead00000,0x00000000eae00000,0x00000000eae00000)
  to   space 2048K, 0% used [0x00000000eaf80000,0x00000000eaf80000,0x00000000eb180000)
 ParOldGen       total 371712K, used 371361K [0x00000000c0000000, 0x00000000d6b00000, 0x00000000eab00000)
  object space 371712K, 99% used [0x00000000c0000000,0x00000000d6aa86c0,0x00000000d6b00000)
 Metaspace       used 67662K, committed 69184K, reserved 1114112K
  class space    used 6825K, committed 7488K, reserved 1048576K
}
Event: 231.874 GC heap before
{Heap before GC invocations=1466 (full 4):
 PSYoungGen      total 3072K, used 3071K [0x00000000eab00000, 0x00000000eb180000, 0x0000000100000000)
  eden space 2048K, 99% used [0x00000000eab00000,0x00000000eacfffd0,0x00000000ead00000)
  from space 1024K, 100% used [0x00000000ead00000,0x00000000eae00000,0x00000000eae00000)
  to   space 2048K, 0% used [0x00000000eaf80000,0x00000000eaf80000,0x00000000eb180000)
 ParOldGen       total 371712K, used 371361K [0x00000000c0000000, 0x00000000d6b00000, 0x00000000eab00000)
  object space 371712K, 99% used [0x00000000c0000000,0x00000000d6aa86c0,0x00000000d6b00000)
 Metaspace       used 67662K, committed 69184K, reserved 1114112K
  class space    used 6825K, committed 7488K, reserved 1048576K
}
Event: 231.879 GC heap after
{Heap after GC invocations=1466 (full 4):
 PSYoungGen      total 4096K, used 1246K [0x00000000eab00000, 0x00000000eb100000, 0x0000000100000000)
  eden space 2560K, 0% used [0x00000000eab00000,0x00000000eab00000,0x00000000ead80000)
  from space 1536K, 81% used [0x00000000eaf80000,0x00000000eb0b7b98,0x00000000eb100000)
  to   space 1536K, 0% used [0x00000000eae00000,0x00000000eae00000,0x00000000eaf80000)
 ParOldGen       total 372736K, used 372354K [0x00000000c0000000, 0x00000000d6c00000, 0x00000000eab00000)
  object space 372736K, 99% used [0x00000000c0000000,0x00000000d6ba0ab8,0x00000000d6c00000)
 Metaspace       used 67662K, committed 69184K, reserved 1114112K
  class space    used 6825K, committed 7488K, reserved 1048576K
}
Event: 231.889 GC heap before
{Heap before GC invocations=1467 (full 4):
 PSYoungGen      total 4096K, used 3806K [0x00000000eab00000, 0x00000000eb100000, 0x0000000100000000)
  eden space 2560K, 100% used [0x00000000eab00000,0x00000000ead80000,0x00000000ead80000)
  from space 1536K, 81% used [0x00000000eaf80000,0x00000000eb0b7b98,0x00000000eb100000)
  to   space 1536K, 0% used [0x00000000eae00000,0x00000000eae00000,0x00000000eaf80000)
 ParOldGen       total 372736K, used 372354K [0x00000000c0000000, 0x00000000d6c00000, 0x00000000eab00000)
  object space 372736K, 99% used [0x00000000c0000000,0x00000000d6ba0ab8,0x00000000d6c00000)
 Metaspace       used 67662K, committed 69184K, reserved 1114112K
  class space    used 6825K, committed 7488K, reserved 1048576K
}
Event: 231.893 GC heap after
{Heap after GC invocations=1467 (full 4):
 PSYoungGen      total 4096K, used 864K [0x00000000eab00000, 0x00000000eb000000, 0x0000000100000000)
  eden space 3072K, 0% used [0x00000000eab00000,0x00000000eab00000,0x00000000eae00000)
  from space 1024K, 84% used [0x00000000eae00000,0x00000000eaed8000,0x00000000eaf00000)
  to   space 1024K, 0% used [0x00000000eaf00000,0x00000000eaf00000,0x00000000eb000000)
 ParOldGen       total 373760K, used 373577K [0x00000000c0000000, 0x00000000d6d00000, 0x00000000eab00000)
  object space 373760K, 99% used [0x00000000c0000000,0x00000000d6cd2650,0x00000000d6d00000)
 Metaspace       used 67662K, committed 69184K, reserved 1114112K
  class space    used 6825K, committed 7488K, reserved 1048576K
}
Event: 231.903 GC heap before
{Heap before GC invocations=1468 (full 4):
 PSYoungGen      total 4096K, used 3936K [0x00000000eab00000, 0x00000000eb000000, 0x0000000100000000)
  eden space 3072K, 100% used [0x00000000eab00000,0x00000000eae00000,0x00000000eae00000)
  from space 1024K, 84% used [0x00000000eae00000,0x00000000eaed8000,0x00000000eaf00000)
  to   space 1024K, 0% used [0x00000000eaf00000,0x00000000eaf00000,0x00000000eb000000)
 ParOldGen       total 373760K, used 373577K [0x00000000c0000000, 0x00000000d6d00000, 0x00000000eab00000)
  object space 373760K, 99% used [0x00000000c0000000,0x00000000d6cd2650,0x00000000d6d00000)
 Metaspace       used 67662K, committed 69184K, reserved 1114112K
  class space    used 6825K, committed 7488K, reserved 1048576K
}
Event: 231.907 GC heap after
{Heap after GC invocations=1468 (full 4):
 PSYoungGen      total 4096K, used 416K [0x00000000eab00000, 0x00000000eb100000, 0x0000000100000000)
  eden space 3072K, 0% used [0x00000000eab00000,0x00000000eab00000,0x00000000eae00000)
  from space 1024K, 40% used [0x00000000eaf00000,0x00000000eaf68000,0x00000000eb000000)
  to   space 1024K, 0% used [0x00000000eae00000,0x00000000eae00000,0x00000000eaf00000)
 ParOldGen       total 374784K, used 374404K [0x00000000c0000000, 0x00000000d6e00000, 0x00000000eab00000)
  object space 374784K, 99% used [0x00000000c0000000,0x00000000d6da1230,0x00000000d6e00000)
 Metaspace       used 67662K, committed 69184K, reserved 1114112K
  class space    used 6825K, committed 7488K, reserved 1048576K
}
Event: 231.934 GC heap before
{Heap before GC invocations=1469 (full 4):
 PSYoungGen      total 4096K, used 3488K [0x00000000eab00000, 0x00000000eb100000, 0x0000000100000000)
  eden space 3072K, 100% used [0x00000000eab00000,0x00000000eae00000,0x00000000eae00000)
  from space 1024K, 40% used [0x00000000eaf00000,0x00000000eaf68000,0x00000000eb000000)
  to   space 1024K, 0% used [0x00000000eae00000,0x00000000eae00000,0x00000000eaf00000)
 ParOldGen       total 374784K, used 374404K [0x00000000c0000000, 0x00000000d6e00000, 0x00000000eab00000)
  object space 374784K, 99% used [0x00000000c0000000,0x00000000d6da1230,0x00000000d6e00000)
 Metaspace       used 67662K, committed 69184K, reserved 1114112K
  class space    used 6825K, committed 7488K, reserved 1048576K
}
Event: 231.936 GC heap after
{Heap after GC invocations=1469 (full 4):
 PSYoungGen      total 4096K, used 576K [0x00000000eab00000, 0x00000000eb100000, 0x0000000100000000)
  eden space 3072K, 0% used [0x00000000eab00000,0x00000000eab00000,0x00000000eae00000)
  from space 1024K, 56% used [0x00000000eae00000,0x00000000eae90000,0x00000000eaf00000)
  to   space 1024K, 0% used [0x00000000eb000000,0x00000000eb000000,0x00000000eb100000)
 ParOldGen       total 374784K, used 374764K [0x00000000c0000000, 0x00000000d6e00000, 0x00000000eab00000)
  object space 374784K, 99% used [0x00000000c0000000,0x00000000d6dfb230,0x00000000d6e00000)
 Metaspace       used 67662K, committed 69184K, reserved 1114112K
  class space    used 6825K, committed 7488K, reserved 1048576K
}
Event: 231.942 GC heap before
{Heap before GC invocations=1470 (full 4):
 PSYoungGen      total 4096K, used 3648K [0x00000000eab00000, 0x00000000eb100000, 0x0000000100000000)
  eden space 3072K, 100% used [0x00000000eab00000,0x00000000eae00000,0x00000000eae00000)
  from space 1024K, 56% used [0x00000000eae00000,0x00000000eae90000,0x00000000eaf00000)
  to   space 1024K, 0% used [0x00000000eb000000,0x00000000eb000000,0x00000000eb100000)
 ParOldGen       total 374784K, used 374764K [0x00000000c0000000, 0x00000000d6e00000, 0x00000000eab00000)
  object space 374784K, 99% used [0x00000000c0000000,0x00000000d6dfb230,0x00000000d6e00000)
 Metaspace       used 67662K, committed 69184K, reserved 1114112K
  class space    used 6825K, committed 7488K, reserved 1048576K
}
Event: 231.944 GC heap after
{Heap after GC invocations=1470 (full 4):
 PSYoungGen      total 5120K, used 672K [0x00000000eab00000, 0x00000000eb100000, 0x0000000100000000)
  eden space 4096K, 0% used [0x00000000eab00000,0x00000000eab00000,0x00000000eaf00000)
  from space 1024K, 65% used [0x00000000eb000000,0x00000000eb0a8000,0x00000000eb100000)
  to   space 1024K, 0% used [0x00000000eaf00000,0x00000000eaf00000,0x00000000eb000000)
 ParOldGen       total 375808K, used 375316K [0x00000000c0000000, 0x00000000d6f00000, 0x00000000eab00000)
  object space 375808K, 99% used [0x00000000c0000000,0x00000000d6e85230,0x00000000d6f00000)
 Metaspace       used 67662K, committed 69184K, reserved 1114112K
  class space    used 6825K, committed 7488K, reserved 1048576K
}
Event: 231.962 GC heap before
{Heap before GC invocations=1471 (full 4):
 PSYoungGen      total 5120K, used 4768K [0x00000000eab00000, 0x00000000eb100000, 0x0000000100000000)
  eden space 4096K, 100% used [0x00000000eab00000,0x00000000eaf00000,0x00000000eaf00000)
  from space 1024K, 65% used [0x00000000eb000000,0x00000000eb0a8000,0x00000000eb100000)
  to   space 1024K, 0% used [0x00000000eaf00000,0x00000000eaf00000,0x00000000eb000000)
 ParOldGen       total 375808K, used 375316K [0x00000000c0000000, 0x00000000d6f00000, 0x00000000eab00000)
  object space 375808K, 99% used [0x00000000c0000000,0x00000000d6e85230,0x00000000d6f00000)
 Metaspace       used 67668K, committed 69184K, reserved 1114112K
  class space    used 6825K, committed 7488K, reserved 1048576K
}
Event: 231.968 GC heap after
{Heap after GC invocations=1471 (full 4):
 PSYoungGen      total 5120K, used 996K [0x00000000eab00000, 0x00000000eb100000, 0x0000000100000000)
  eden space 4096K, 0% used [0x00000000eab00000,0x00000000eab00000,0x00000000eaf00000)
  from space 1024K, 97% used [0x00000000eaf00000,0x00000000eaff9378,0x00000000eb000000)
  to   space 1024K, 0% used [0x00000000eb000000,0x00000000eb000000,0x00000000eb100000)
 ParOldGen       total 376832K, used 376676K [0x00000000c0000000, 0x00000000d7000000, 0x00000000eab00000)
  object space 376832K, 99% used [0x00000000c0000000,0x00000000d6fd9230,0x00000000d7000000)
 Metaspace       used 67668K, committed 69184K, reserved 1114112K
  class space    used 6825K, committed 7488K, reserved 1048576K
}
Event: 231.981 GC heap before
{Heap before GC invocations=1472 (full 4):
 PSYoungGen      total 5120K, used 5092K [0x00000000eab00000, 0x00000000eb100000, 0x0000000100000000)
  eden space 4096K, 100% used [0x00000000eab00000,0x00000000eaf00000,0x00000000eaf00000)
  from space 1024K, 97% used [0x00000000eaf00000,0x00000000eaff9378,0x00000000eb000000)
  to   space 1024K, 0% used [0x00000000eb000000,0x00000000eb000000,0x00000000eb100000)
 ParOldGen       total 376832K, used 376676K [0x00000000c0000000, 0x00000000d7000000, 0x00000000eab00000)
  object space 376832K, 99% used [0x00000000c0000000,0x00000000d6fd9230,0x00000000d7000000)
 Metaspace       used 67668K, committed 69184K, reserved 1114112K
  class space    used 6825K, committed 7488K, reserved 1048576K
}
Event: 231.985 GC heap after
{Heap after GC invocations=1472 (full 4):
 PSYoungGen      total 5120K, used 1024K [0x00000000eab00000, 0x00000000eb100000, 0x0000000100000000)
  eden space 4096K, 0% used [0x00000000eab00000,0x00000000eab00000,0x00000000eaf00000)
  from space 1024K, 100% used [0x00000000eb000000,0x00000000eb100000,0x00000000eb100000)
  to   space 1024K, 0% used [0x00000000eaf00000,0x00000000eaf00000,0x00000000eb000000)
 ParOldGen       total 378368K, used 377948K [0x00000000c0000000, 0x00000000d7180000, 0x00000000eab00000)
  object space 378368K, 99% used [0x00000000c0000000,0x00000000d71170c8,0x00000000d7180000)
 Metaspace       used 67668K, committed 69184K, reserved 1114112K
  class space    used 6825K, committed 7488K, reserved 1048576K
}
Event: 232.021 GC heap before
{Heap before GC invocations=1473 (full 4):
 PSYoungGen      total 5120K, used 5120K [0x00000000eab00000, 0x00000000eb100000, 0x0000000100000000)
  eden space 4096K, 100% used [0x00000000eab00000,0x00000000eaf00000,0x00000000eaf00000)
  from space 1024K, 100% used [0x00000000eb000000,0x00000000eb100000,0x00000000eb100000)
  to   space 1024K, 0% used [0x00000000eaf00000,0x00000000eaf00000,0x00000000eb000000)
 ParOldGen       total 378368K, used 377948K [0x00000000c0000000, 0x00000000d7180000, 0x00000000eab00000)
  object space 378368K, 99% used [0x00000000c0000000,0x00000000d71170c8,0x00000000d7180000)
 Metaspace       used 67668K, committed 69184K, reserved 1114112K
  class space    used 6825K, committed 7488K, reserved 1048576K
}
Event: 232.023 GC heap after
{Heap after GC invocations=1473 (full 4):
 PSYoungGen      total 5120K, used 576K [0x00000000eab00000, 0x00000000eb100000, 0x0000000100000000)
  eden space 4096K, 0% used [0x00000000eab00000,0x00000000eab00000,0x00000000eaf00000)
  from space 1024K, 56% used [0x00000000eaf00000,0x00000000eaf90000,0x00000000eb000000)
  to   space 1024K, 0% used [0x00000000eb000000,0x00000000eb000000,0x00000000eb100000)
 ParOldGen       total 379392K, used 378994K [0x00000000c0000000, 0x00000000d7280000, 0x00000000eab00000)
  object space 379392K, 99% used [0x00000000c0000000,0x00000000d721c8a0,0x00000000d7280000)
 Metaspace       used 67668K, committed 69184K, reserved 1114112K
  class space    used 6825K, committed 7488K, reserved 1048576K
}

