# JRE version: Java(TM) SE Runtime Environment (17.0+35) (build 17+35-LTS-2724)
# Java VM: Java HotSpot(TM) 64-Bit Server VM (17+35-LTS-2724, mixed mode, sharing, tiered, compressed oops, compressed class ptrs, g1 gc, windows-amd64)
GC Precious Log:
 CPUs: 4 total, 4 available
 Memory: 3534M
 Large Page Support: Disabled
 NUMA Support: Disabled
 Compressed Oops: Enabled (32-bit)
 Heap Region Size: 1M
 Heap Min Capacity: 8M
 Heap Initial Capacity: 56M
 Heap Max Capacity: 884M
 Pre-touch: Disabled
 Parallel Workers: 4
 Concurrent Workers: 1
 Concurrent Refinement Workers: 4
 Periodic GC: Disabled
Heap:
 garbage-first heap   total 75776K, used 33263K [0x00000000c8c00000, 0x0000000100000000)
  region size 1024K, 5 young (5120K), 5 survivors (5120K)
 Metaspace       used 25587K, committed 25920K, reserved 1073152K
  class space    used 2956K, committed 3136K, reserved 1048576K
GC Heap History (20 events):
Event: 5.159 GC heap after
{Heap after GC invocations=5 (full 0):
 garbage-first heap   total 57344K, used 11732K [0x00000000c8c00000, 0x0000000100000000)
  region size 1024K, 5 young (5120K), 5 survivors (5120K)
 Metaspace       used 15552K, committed 15744K, reserved 1064960K
  class space    used 1862K, committed 1920K, reserved 1048576K
}
Event: 5.896 GC heap before
{Heap before GC invocations=5 (full 0):
 garbage-first heap   total 57344K, used 39380K [0x00000000c8c00000, 0x0000000100000000)
  region size 1024K, 32 young (32768K), 5 survivors (5120K)
 Metaspace       used 15822K, committed 16000K, reserved 1064960K
  class space    used 1866K, committed 1920K, reserved 1048576K
}
Event: 5.906 GC heap after
{Heap after GC invocations=6 (full 0):
 garbage-first heap   total 57344K, used 12964K [0x00000000c8c00000, 0x0000000100000000)
  region size 1024K, 2 young (2048K), 2 survivors (2048K)
 Metaspace       used 15822K, committed 16000K, reserved 1064960K
  class space    used 1866K, committed 1920K, reserved 1048576K
}
Event: 6.993 GC heap before
{Heap before GC invocations=6 (full 0):
 garbage-first heap   total 57344K, used 41636K [0x00000000c8c00000, 0x0000000100000000)
  region size 1024K, 30 young (30720K), 2 survivors (2048K)
 Metaspace       used 16337K, committed 16512K, reserved 1064960K
  class space    used 1887K, committed 1984K, reserved 1048576K
}
Event: 7.001 GC heap after
{Heap after GC invocations=7 (full 0):
 garbage-first heap   total 69632K, used 14146K [0x00000000c8c00000, 0x0000000100000000)
  region size 1024K, 3 young (3072K), 3 survivors (3072K)
 Metaspace       used 16337K, committed 16512K, reserved 1064960K
  class space    used 1887K, committed 1984K, reserved 1048576K
}
Event: 7.716 GC heap before
{Heap before GC invocations=7 (full 0):
 garbage-first heap   total 69632K, used 31554K [0x00000000c8c00000, 0x0000000100000000)
  region size 1024K, 13 young (13312K), 3 survivors (3072K)
 Metaspace       used 17315K, committed 17536K, reserved 1064960K
  class space    used 2000K, committed 2112K, reserved 1048576K
}
Event: 7.726 GC heap after
{Heap after GC invocations=8 (full 0):
 garbage-first heap   total 69632K, used 23259K [0x00000000c8c00000, 0x0000000100000000)
  region size 1024K, 4 young (4096K), 4 survivors (4096K)
 Metaspace       used 17315K, committed 17536K, reserved 1064960K
  class space    used 2000K, committed 2112K, reserved 1048576K
}
Event: 7.743 GC heap before
{Heap before GC invocations=8 (full 0):
 garbage-first heap   total 69632K, used 35547K [0x00000000c8c00000, 0x0000000100000000)
  region size 1024K, 5 young (5120K), 4 survivors (4096K)
 Metaspace       used 17315K, committed 17536K, reserved 1064960K
  class space    used 2000K, committed 2112K, reserved 1048576K
}
Event: 7.750 GC heap after
{Heap after GC invocations=9 (full 0):
 garbage-first heap   total 69632K, used 35460K [0x00000000c8c00000, 0x0000000100000000)
  region size 1024K, 3 young (3072K), 3 survivors (3072K)
 Metaspace       used 17315K, committed 17536K, reserved 1064960K
  class space    used 2000K, committed 2112K, reserved 1048576K
}
Event: 8.806 GC heap before
{Heap before GC invocations=10 (full 0):
 garbage-first heap   total 69632K, used 63108K [0x00000000c8c00000, 0x0000000100000000)
  region size 1024K, 19 young (19456K), 3 survivors (3072K)
 Metaspace       used 19501K, committed 19712K, reserved 1073152K
  class space    used 2250K, committed 2368K, reserved 1048576K
}
Event: 8.813 GC heap after
{Heap after GC invocations=11 (full 0):
 garbage-first heap   total 69632K, used 16441K [0x00000000c8c00000, 0x0000000100000000)
  region size 1024K, 3 young (3072K), 3 survivors (3072K)
 Metaspace       used 19501K, committed 19712K, reserved 1073152K
  class space    used 2250K, committed 2368K, reserved 1048576K
}
Event: 8.830 GC heap before
{Heap before GC invocations=11 (full 0):
 garbage-first heap   total 69632K, used 17465K [0x00000000c8c00000, 0x0000000100000000)
  region size 1024K, 4 young (4096K), 3 survivors (3072K)
 Metaspace       used 19501K, committed 19712K, reserved 1073152K
  class space    used 2250K, committed 2368K, reserved 1048576K
}
Event: 8.835 GC heap after
{Heap after GC invocations=12 (full 0):
 garbage-first heap   total 69632K, used 16226K [0x00000000c8c00000, 0x0000000100000000)
  region size 1024K, 1 young (1024K), 1 survivors (1024K)
 Metaspace       used 19501K, committed 19712K, reserved 1073152K
  class space    used 2250K, committed 2368K, reserved 1048576K
}
Event: 8.984 GC heap before
{Heap before GC invocations=12 (full 0):
 garbage-first heap   total 69632K, used 55138K [0x00000000c8c00000, 0x0000000100000000)
  region size 1024K, 39 young (39936K), 1 survivors (1024K)
 Metaspace       used 19512K, committed 19776K, reserved 1073152K
  class space    used 2251K, committed 2368K, reserved 1048576K
}
Event: 8.985 GC heap after
{Heap after GC invocations=13 (full 0):
 garbage-first heap   total 69632K, used 17256K [0x00000000c8c00000, 0x0000000100000000)
  region size 1024K, 1 young (1024K), 1 survivors (1024K)
 Metaspace       used 19512K, committed 19776K, reserved 1073152K
  class space    used 2251K, committed 2368K, reserved 1048576K
}
Event: 8.999 GC heap before
{Heap before GC invocations=13 (full 0):
 garbage-first heap   total 69632K, used 54120K [0x00000000c8c00000, 0x0000000100000000)
  region size 1024K, 38 young (38912K), 1 survivors (1024K)
 Metaspace       used 19512K, committed 19776K, reserved 1073152K
  class space    used 2251K, committed 2368K, reserved 1048576K
}
Event: 8.999 GC heap after
{Heap after GC invocations=14 (full 0):
 garbage-first heap   total 69632K, used 17217K [0x00000000c8c00000, 0x0000000100000000)
  region size 1024K, 1 young (1024K), 1 survivors (1024K)
 Metaspace       used 19512K, committed 19776K, reserved 1073152K
  class space    used 2251K, committed 2368K, reserved 1048576K
}
Event: 9.013 GC heap before
{Heap before GC invocations=14 (full 0):
 garbage-first heap   total 69632K, used 56129K [0x00000000c8c00000, 0x0000000100000000)
  region size 1024K, 40 young (40960K), 1 survivors (1024K)
 Metaspace       used 19512K, committed 19776K, reserved 1073152K
  class space    used 2251K, committed 2368K, reserved 1048576K
}
Event: 9.014 GC heap after
{Heap after GC invocations=15 (full 0):
 garbage-first heap   total 69632K, used 17238K [0x00000000c8c00000, 0x0000000100000000)
  region size 1024K, 1 young (1024K), 1 survivors (1024K)
 Metaspace       used 19512K, committed 19776K, reserved 1073152K
  class space    used 2251K, committed 2368K, reserved 1048576K
}
Event: 10.851 GC heap before
{Heap before GC invocations=15 (full 0):
 garbage-first heap   total 69632K, used 61270K [0x00000000c8c00000, 0x0000000100000000)
  region size 1024K, 40 young (40960K), 1 survivors (1024K)
 Metaspace       used 25587K, committed 25920K, reserved 1073152K
  class space    used 2956K, committed 3136K, reserved 1048576K
}

