# JRE version: Java(TM) SE Runtime Environment (17.0+35) (build 17+35-LTS-2724)
# Java VM: Java HotSpot(TM) 64-Bit Server VM (17+35-LTS-2724, mixed mode, emulated-client, sharing, tiered, compressed oops, compressed class ptrs, g1 gc, windows-amd64)
GC Precious Log:
 CPUs: 4 total, 4 available
 Memory: 3534M
 Large Page Support: Disabled
 NUMA Support: Disabled
 Compressed Oops: Enabled (32-bit)
 Heap Region Size: 1M
 Heap Min Capacity: 8M
 Heap Initial Capacity: 56M
 Heap Max Capacity: 884M
 Pre-touch: Disabled
 Parallel Workers: 4
 Concurrent Workers: 1
 Concurrent Refinement Workers: 4
 Periodic GC: Disabled
Heap:
 garbage-first heap   total 55296K, used 23199K [0x00000000c8c00000, 0x0000000100000000)
  region size 1024K, 1 young (1024K), 1 survivors (1024K)
 Metaspace       used 45927K, committed 46400K, reserved 1089536K
  class space    used 6573K, committed 6784K, reserved 1048576K
GC Heap History (20 events):
Event: 2.649 GC heap after
{Heap after GC invocations=7 (full 0):
 garbage-first heap   total 112640K, used 11627K [0x00000000c8c00000, 0x0000000100000000)
  region size 1024K, 2 young (2048K), 2 survivors (2048K)
 Metaspace       used 16769K, committed 17024K, reserved 1064960K
  class space    used 2353K, committed 2496K, reserved 1048576K
}
Event: 3.344 GC heap before
{Heap before GC invocations=7 (full 0):
 garbage-first heap   total 112640K, used 76139K [0x00000000c8c00000, 0x0000000100000000)
  region size 1024K, 66 young (67584K), 2 survivors (2048K)
 Metaspace       used 18837K, committed 19072K, reserved 1073152K
  class space    used 2633K, committed 2752K, reserved 1048576K
}
Event: 3.350 GC heap after
{Heap after GC invocations=8 (full 0):
 garbage-first heap   total 112640K, used 13842K [0x00000000c8c00000, 0x0000000100000000)
  region size 1024K, 4 young (4096K), 4 survivors (4096K)
 Metaspace       used 18837K, committed 19072K, reserved 1073152K
  class space    used 2633K, committed 2752K, reserved 1048576K
}
Event: 4.149 GC heap before
{Heap before GC invocations=8 (full 0):
 garbage-first heap   total 112640K, used 34322K [0x00000000c8c00000, 0x0000000100000000)
  region size 1024K, 25 young (25600K), 4 survivors (4096K)
 Metaspace       used 21252K, committed 21504K, reserved 1073152K
  class space    used 2974K, committed 3072K, reserved 1048576K
}
Event: 4.160 GC heap after
{Heap after GC invocations=9 (full 0):
 garbage-first heap   total 112640K, used 15184K [0x00000000c8c00000, 0x0000000100000000)
  region size 1024K, 5 young (5120K), 5 survivors (5120K)
 Metaspace       used 21252K, committed 21504K, reserved 1073152K
  class space    used 2974K, committed 3072K, reserved 1048576K
}
Event: 5.249 GC heap before
{Heap before GC invocations=10 (full 0):
 garbage-first heap   total 55296K, used 42832K [0x00000000c8c00000, 0x0000000100000000)
  region size 1024K, 32 young (32768K), 5 survivors (5120K)
 Metaspace       used 25333K, committed 25728K, reserved 1073152K
  class space    used 3617K, committed 3776K, reserved 1048576K
}
Event: 5.267 GC heap after
{Heap after GC invocations=11 (full 0):
 garbage-first heap   total 55296K, used 17263K [0x00000000c8c00000, 0x0000000100000000)
  region size 1024K, 4 young (4096K), 4 survivors (4096K)
 Metaspace       used 25333K, committed 25728K, reserved 1073152K
  class space    used 3617K, committed 3776K, reserved 1048576K
}
Event: 5.300 GC heap before
{Heap before GC invocations=11 (full 0):
 garbage-first heap   total 55296K, used 18287K [0x00000000c8c00000, 0x0000000100000000)
  region size 1024K, 5 young (5120K), 4 survivors (4096K)
 Metaspace       used 25493K, committed 25920K, reserved 1073152K
  class space    used 3662K, committed 3840K, reserved 1048576K
}
Event: 5.312 GC heap after
{Heap after GC invocations=12 (full 0):
 garbage-first heap   total 55296K, used 18005K [0x00000000c8c00000, 0x0000000100000000)
  region size 1024K, 1 young (1024K), 1 survivors (1024K)
 Metaspace       used 25493K, committed 25920K, reserved 1073152K
  class space    used 3662K, committed 3840K, reserved 1048576K
}
Event: 6.241 GC heap before
{Heap before GC invocations=12 (full 0):
 garbage-first heap   total 55296K, used 42581K [0x00000000c8c00000, 0x0000000100000000)
  region size 1024K, 25 young (25600K), 1 survivors (1024K)
 Metaspace       used 29205K, committed 29632K, reserved 1081344K
  class space    used 4168K, committed 4352K, reserved 1048576K
}
Event: 6.246 GC heap after
{Heap after GC invocations=13 (full 0):
 garbage-first heap   total 55296K, used 19046K [0x00000000c8c00000, 0x0000000100000000)
  region size 1024K, 2 young (2048K), 2 survivors (2048K)
 Metaspace       used 29205K, committed 29632K, reserved 1081344K
  class space    used 4168K, committed 4352K, reserved 1048576K
}
Event: 7.099 GC heap before
{Heap before GC invocations=13 (full 0):
 garbage-first heap   total 55296K, used 42598K [0x00000000c8c00000, 0x0000000100000000)
  region size 1024K, 25 young (25600K), 2 survivors (2048K)
 Metaspace       used 34252K, committed 34688K, reserved 1081344K
  class space    used 4935K, committed 5120K, reserved 1048576K
}
Event: 7.105 GC heap after
{Heap after GC invocations=14 (full 0):
 garbage-first heap   total 55296K, used 19993K [0x00000000c8c00000, 0x0000000100000000)
  region size 1024K, 3 young (3072K), 3 survivors (3072K)
 Metaspace       used 34252K, committed 34688K, reserved 1081344K
  class space    used 4935K, committed 5120K, reserved 1048576K
}
Event: 7.328 GC heap before
{Heap before GC invocations=14 (full 0):
 garbage-first heap   total 55296K, used 26137K [0x00000000c8c00000, 0x0000000100000000)
  region size 1024K, 10 young (10240K), 3 survivors (3072K)
 Metaspace       used 35909K, committed 36288K, reserved 1081344K
  class space    used 5138K, committed 5312K, reserved 1048576K
}
Event: 7.333 GC heap after
{Heap after GC invocations=15 (full 0):
 garbage-first heap   total 55296K, used 20684K [0x00000000c8c00000, 0x0000000100000000)
  region size 1024K, 2 young (2048K), 2 survivors (2048K)
 Metaspace       used 35909K, committed 36288K, reserved 1081344K
  class space    used 5138K, committed 5312K, reserved 1048576K
}
Event: 8.477 GC heap before
{Heap before GC invocations=16 (full 0):
 garbage-first heap   total 55296K, used 43212K [0x00000000c8c00000, 0x0000000100000000)
  region size 1024K, 24 young (24576K), 2 survivors (2048K)
 Metaspace       used 41245K, committed 41664K, reserved 1089536K
  class space    used 5869K, committed 6080K, reserved 1048576K
}
Event: 8.482 GC heap after
{Heap after GC invocations=17 (full 0):
 garbage-first heap   total 55296K, used 22528K [0x00000000c8c00000, 0x0000000100000000)
  region size 1024K, 3 young (3072K), 3 survivors (3072K)
 Metaspace       used 41245K, committed 41664K, reserved 1089536K
  class space    used 5869K, committed 6080K, reserved 1048576K
}
Event: 8.544 GC heap before
{Heap before GC invocations=17 (full 0):
 garbage-first heap   total 55296K, used 23552K [0x00000000c8c00000, 0x0000000100000000)
  region size 1024K, 4 young (4096K), 3 survivors (3072K)
 Metaspace       used 41341K, committed 41792K, reserved 1089536K
  class space    used 5885K, committed 6080K, reserved 1048576K
}
Event: 8.549 GC heap after
{Heap after GC invocations=18 (full 0):
 garbage-first heap   total 55296K, used 22741K [0x00000000c8c00000, 0x0000000100000000)
  region size 1024K, 1 young (1024K), 1 survivors (1024K)
 Metaspace       used 41341K, committed 41792K, reserved 1089536K
  class space    used 5885K, committed 6080K, reserved 1048576K
}
Event: 9.820 GC heap before
{Heap before GC invocations=18 (full 0):
 garbage-first heap   total 55296K, used 42197K [0x00000000c8c00000, 0x0000000100000000)
  region size 1024K, 21 young (21504K), 1 survivors (1024K)
 Metaspace       used 45927K, committed 46400K, reserved 1089536K
  class space    used 6573K, committed 6784K, reserved 1048576K
}

