# JRE version: Java(TM) SE Runtime Environment (17.0+35) (build 17+35-LTS-2724)
# Java VM: Java HotSpot(TM) 64-Bit Server VM (17+35-LTS-2724, mixed mode, emulated-client, sharing, tiered, compressed oops, compressed class ptrs, g1 gc, windows-amd64)
GC Precious Log:
 CPUs: 4 total, 4 available
 Memory: 3534M
 Large Page Support: Disabled
 NUMA Support: Disabled
 Compressed Oops: Enabled (32-bit)
 Heap Region Size: 1M
 Heap Min Capacity: 8M
 Heap Initial Capacity: 56M
 Heap Max Capacity: 884M
 Pre-touch: Disabled
 Parallel Workers: 4
 Concurrent Workers: 1
 Concurrent Refinement Workers: 4
 Periodic GC: Disabled
Heap:
 garbage-first heap   total 57344K, used 13086K [0x00000000c8c00000, 0x0000000100000000)
  region size 1024K, 1 young (1024K), 1 survivors (1024K)
 Metaspace       used 18156K, committed 18368K, reserved 1073152K
  class space    used 2529K, committed 2624K, reserved 1048576K
GC Heap History (17 events):
Event: 1.037 GC heap before
{Heap before GC invocations=0 (full 0):
 garbage-first heap   total 57344K, used 14336K [0x00000000c8c00000, 0x0000000100000000)
  region size 1024K, 13 young (13312K), 0 survivors (0K)
 Metaspace       used 2041K, committed 2176K, reserved 1056768K
  class space    used 239K, committed 320K, reserved 1048576K
}
Event: 1.046 GC heap after
{Heap after GC invocations=1 (full 0):
 garbage-first heap   total 57344K, used 6367K [0x00000000c8c00000, 0x0000000100000000)
  region size 1024K, 2 young (2048K), 2 survivors (2048K)
 Metaspace       used 2041K, committed 2176K, reserved 1056768K
  class space    used 239K, committed 320K, reserved 1048576K
}
Event: 1.597 GC heap before
{Heap before GC invocations=1 (full 0):
 garbage-first heap   total 57344K, used 17631K [0x00000000c8c00000, 0x0000000100000000)
  region size 1024K, 13 young (13312K), 2 survivors (2048K)
 Metaspace       used 5150K, committed 5312K, reserved 1056768K
  class space    used 695K, committed 768K, reserved 1048576K
}
Event: 1.604 GC heap after
{Heap after GC invocations=2 (full 0):
 garbage-first heap   total 57344K, used 7335K [0x00000000c8c00000, 0x0000000100000000)
  region size 1024K, 1 young (1024K), 1 survivors (1024K)
 Metaspace       used 5150K, committed 5312K, reserved 1056768K
  class space    used 695K, committed 768K, reserved 1048576K
}
Event: 2.175 GC heap before
{Heap before GC invocations=2 (full 0):
 garbage-first heap   total 57344K, used 23719K [0x00000000c8c00000, 0x0000000100000000)
  region size 1024K, 18 young (18432K), 1 survivors (1024K)
 Metaspace       used 8697K, committed 8960K, reserved 1064960K
  class space    used 1243K, committed 1344K, reserved 1048576K
}
Event: 2.180 GC heap after
{Heap after GC invocations=3 (full 0):
 garbage-first heap   total 57344K, used 8529K [0x00000000c8c00000, 0x0000000100000000)
  region size 1024K, 3 young (3072K), 3 survivors (3072K)
 Metaspace       used 8697K, committed 8960K, reserved 1064960K
  class space    used 1243K, committed 1344K, reserved 1048576K
}
Event: 2.854 GC heap before
{Heap before GC invocations=3 (full 0):
 garbage-first heap   total 57344K, used 33105K [0x00000000c8c00000, 0x0000000100000000)
  region size 1024K, 28 young (28672K), 3 survivors (3072K)
 Metaspace       used 13807K, committed 14080K, reserved 1064960K
  class space    used 1967K, committed 2112K, reserved 1048576K
}
Event: 2.860 GC heap after
{Heap after GC invocations=4 (full 0):
 garbage-first heap   total 57344K, used 10126K [0x00000000c8c00000, 0x0000000100000000)
  region size 1024K, 3 young (3072K), 3 survivors (3072K)
 Metaspace       used 13807K, committed 14080K, reserved 1064960K
  class space    used 1967K, committed 2112K, reserved 1048576K
}
Event: 4.076 GC heap before
{Heap before GC invocations=4 (full 0):
 garbage-first heap   total 57344K, used 36750K [0x00000000c8c00000, 0x0000000100000000)
  region size 1024K, 30 young (30720K), 3 survivors (3072K)
 Metaspace       used 17333K, committed 17600K, reserved 1064960K
  class space    used 2427K, committed 2560K, reserved 1048576K
}
Event: 4.083 GC heap after
{Heap after GC invocations=5 (full 0):
 garbage-first heap   total 57344K, used 12410K [0x00000000c8c00000, 0x0000000100000000)
  region size 1024K, 4 young (4096K), 4 survivors (4096K)
 Metaspace       used 17333K, committed 17600K, reserved 1064960K
  class space    used 2427K, committed 2560K, reserved 1048576K
}
Event: 4.108 GC heap before
{Heap before GC invocations=5 (full 0):
 garbage-first heap   total 57344K, used 36986K [0x00000000c8c00000, 0x0000000100000000)
  region size 1024K, 29 young (29696K), 4 survivors (4096K)
 Metaspace       used 17375K, committed 17664K, reserved 1064960K
  class space    used 2437K, committed 2560K, reserved 1048576K
}
Event: 4.114 GC heap after
{Heap after GC invocations=6 (full 0):
 garbage-first heap   total 57344K, used 12930K [0x00000000c8c00000, 0x0000000100000000)
  region size 1024K, 1 young (1024K), 1 survivors (1024K)
 Metaspace       used 17375K, committed 17664K, reserved 1064960K
  class space    used 2437K, committed 2560K, reserved 1048576K
}
Event: 4.176 GC heap before
{Heap before GC invocations=6 (full 0):
 garbage-first heap   total 57344K, used 39554K [0x00000000c8c00000, 0x0000000100000000)
  region size 1024K, 28 young (28672K), 1 survivors (1024K)
 Metaspace       used 17486K, committed 17728K, reserved 1064960K
  class space    used 2451K, committed 2560K, reserved 1048576K
}
Event: 4.179 GC heap after
{Heap after GC invocations=7 (full 0):
 garbage-first heap   total 57344K, used 12448K [0x00000000c8c00000, 0x0000000100000000)
  region size 1024K, 1 young (1024K), 1 survivors (1024K)
 Metaspace       used 17486K, committed 17728K, reserved 1064960K
  class space    used 2451K, committed 2560K, reserved 1048576K
}
Event: 4.216 GC heap before
{Heap before GC invocations=7 (full 0):
 garbage-first heap   total 57344K, used 40096K [0x00000000c8c00000, 0x0000000100000000)
  region size 1024K, 29 young (29696K), 1 survivors (1024K)
 Metaspace       used 17500K, committed 17728K, reserved 1064960K
  class space    used 2453K, committed 2560K, reserved 1048576K
}
Event: 4.217 GC heap after
{Heap after GC invocations=8 (full 0):
 garbage-first heap   total 57344K, used 12484K [0x00000000c8c00000, 0x0000000100000000)
  region size 1024K, 1 young (1024K), 1 survivors (1024K)
 Metaspace       used 17500K, committed 17728K, reserved 1064960K
  class space    used 2453K, committed 2560K, reserved 1048576K
}
Event: 4.378 GC heap before
{Heap before GC invocations=8 (full 0):
 garbage-first heap   total 57344K, used 42180K [0x00000000c8c00000, 0x0000000100000000)
  region size 1024K, 31 young (31744K), 1 survivors (1024K)
 Metaspace       used 18156K, committed 18368K, reserved 1073152K
  class space    used 2529K, committed 2624K, reserved 1048576K
}

