# JRE version: Java(TM) SE Runtime Environment (17.0+35) (build 17+35-LTS-2724)
# Java VM: Java HotSpot(TM) 64-Bit Server VM (17+35-LTS-2724, mixed mode, sharing, tiered, compressed oops, compressed class ptrs, g1 gc, windows-amd64)
GC Precious Log:
 CPUs: 4 total, 4 available
 Memory: 3534M
 Large Page Support: Disabled
 NUMA Support: Disabled
 Compressed Oops: Enabled (32-bit)
 Heap Region Size: 1M
 Heap Min Capacity: 8M
 Heap Initial Capacity: 56M
 Heap Max Capacity: 884M
 Pre-touch: Disabled
 Parallel Workers: 4
 Concurrent Workers: 1
 Concurrent Refinement Workers: 4
 Periodic GC: Disabled
Heap:
 garbage-first heap   total 57344K, used 30780K [0x00000000c8c00000, 0x0000000100000000)
  region size 1024K, 20 young (20480K), 2 survivors (2048K)
 Metaspace       used 15932K, committed 16128K, reserved 1064960K
  class space    used 1861K, committed 1920K, reserved 1048576K
GC Heap History (12 events):
Event: 6.682 GC heap before
{Heap before GC invocations=0 (full 0):
 garbage-first heap   total 57344K, used 12288K [0x00000000c8c00000, 0x0000000100000000)
  region size 1024K, 13 young (13312K), 0 survivors (0K)
 Metaspace       used 2939K, committed 3072K, reserved 1056768K
  class space    used 311K, committed 384K, reserved 1048576K
}
Event: 6.704 GC heap after
{Heap after GC invocations=1 (full 0):
 garbage-first heap   total 57344K, used 3087K [0x00000000c8c00000, 0x0000000100000000)
  region size 1024K, 2 young (2048K), 2 survivors (2048K)
 Metaspace       used 2939K, committed 3072K, reserved 1056768K
  class space    used 311K, committed 384K, reserved 1048576K
}
Event: 7.895 GC heap before
{Heap before GC invocations=1 (full 0):
 garbage-first heap   total 57344K, used 16399K [0x00000000c8c00000, 0x0000000100000000)
  region size 1024K, 15 young (15360K), 2 survivors (2048K)
 Metaspace       used 5533K, committed 5696K, reserved 1056768K
  class space    used 670K, committed 768K, reserved 1048576K
}
Event: 7.901 GC heap after
{Heap after GC invocations=2 (full 0):
 garbage-first heap   total 57344K, used 3792K [0x00000000c8c00000, 0x0000000100000000)
  region size 1024K, 1 young (1024K), 1 survivors (1024K)
 Metaspace       used 5533K, committed 5696K, reserved 1056768K
  class space    used 670K, committed 768K, reserved 1048576K
}
Event: 12.944 GC heap before
{Heap before GC invocations=2 (full 0):
 garbage-first heap   total 57344K, used 25296K [0x00000000c8c00000, 0x0000000100000000)
  region size 1024K, 23 young (23552K), 1 survivors (1024K)
 Metaspace       used 7696K, committed 7936K, reserved 1064960K
  class space    used 913K, committed 1024K, reserved 1048576K
}
Event: 12.948 GC heap after
{Heap after GC invocations=3 (full 0):
 garbage-first heap   total 57344K, used 4496K [0x00000000c8c00000, 0x0000000100000000)
  region size 1024K, 2 young (2048K), 2 survivors (2048K)
 Metaspace       used 7696K, committed 7936K, reserved 1064960K
  class space    used 913K, committed 1024K, reserved 1048576K
}
Event: 16.651 GC heap before
{Heap before GC invocations=3 (full 0):
 garbage-first heap   total 57344K, used 36240K [0x00000000c8c00000, 0x0000000100000000)
  region size 1024K, 33 young (33792K), 2 survivors (2048K)
 Metaspace       used 14177K, committed 14400K, reserved 1064960K
  class space    used 1738K, committed 1856K, reserved 1048576K
}
Event: 16.664 GC heap after
{Heap after GC invocations=4 (full 0):
 garbage-first heap   total 57344K, used 7263K [0x00000000c8c00000, 0x0000000100000000)
  region size 1024K, 4 young (4096K), 4 survivors (4096K)
 Metaspace       used 14177K, committed 14400K, reserved 1064960K
  class space    used 1738K, committed 1856K, reserved 1048576K
}
Event: 18.344 GC heap before
{Heap before GC invocations=4 (full 0):
 garbage-first heap   total 57344K, used 36959K [0x00000000c8c00000, 0x0000000100000000)
  region size 1024K, 33 young (33792K), 4 survivors (4096K)
 Metaspace       used 15471K, committed 15616K, reserved 1064960K
  class space    used 1856K, committed 1920K, reserved 1048576K
}
Event: 18.367 GC heap after
{Heap after GC invocations=5 (full 0):
 garbage-first heap   total 57344K, used 11833K [0x00000000c8c00000, 0x0000000100000000)
  region size 1024K, 5 young (5120K), 5 survivors (5120K)
 Metaspace       used 15471K, committed 15616K, reserved 1064960K
  class space    used 1856K, committed 1920K, reserved 1048576K
}
Event: 20.077 GC heap before
{Heap before GC invocations=5 (full 0):
 garbage-first heap   total 57344K, used 39481K [0x00000000c8c00000, 0x0000000100000000)
  region size 1024K, 32 young (32768K), 5 survivors (5120K)
 Metaspace       used 15722K, committed 15872K, reserved 1064960K
  class space    used 1860K, committed 1920K, reserved 1048576K
}
Event: 20.091 GC heap after
{Heap after GC invocations=6 (full 0):
 garbage-first heap   total 57344K, used 13372K [0x00000000c8c00000, 0x0000000100000000)
  region size 1024K, 2 young (2048K), 2 survivors (2048K)
 Metaspace       used 15722K, committed 15872K, reserved 1064960K
  class space    used 1860K, committed 1920K, reserved 1048576K
}

